<?xml version="1.0" encoding="UTF-8"?>
<coverage generated="1749156663216" clover="3.2.0">
  <project timestamp="1749156663217" name="All files">
    <metrics statements="169" coveredstatements="105" conditionals="57" coveredconditionals="32" methods="65" coveredmethods="28" elements="291" coveredelements="165" complexity="0" loc="169" ncloc="169" packages="2" files="4" classes="4"/>
    <package name="pages">
      <metrics statements="133" coveredstatements="97" conditionals="50" coveredconditionals="32" methods="43" coveredmethods="28"/>
      <file name="Login.tsx" path="C:\Users\marco\OneDrive\Área de Trabalho\elodrinks-frontend\src\pages\Login.tsx">
        <metrics statements="94" coveredstatements="76" conditionals="38" coveredconditionals="26" methods="26" coveredmethods="20"/>
        <line num="20" count="8" type="stmt"/>
        <line num="21" count="8" type="cond" truecount="1" falsecount="1"/>
        <line num="22" count="8" type="stmt"/>
        <line num="35" count="8" type="stmt"/>
        <line num="36" count="8" type="stmt"/>
        <line num="40" count="1" type="stmt"/>
        <line num="185" count="1" type="stmt"/>
        <line num="186" count="47" type="stmt"/>
        <line num="187" count="47" type="stmt"/>
        <line num="191" count="47" type="stmt"/>
        <line num="192" count="47" type="stmt"/>
        <line num="193" count="47" type="stmt"/>
        <line num="194" count="47" type="stmt"/>
        <line num="195" count="47" type="stmt"/>
        <line num="196" count="47" type="stmt"/>
        <line num="197" count="47" type="stmt"/>
        <line num="198" count="47" type="stmt"/>
        <line num="199" count="47" type="stmt"/>
        <line num="200" count="47" type="stmt"/>
        <line num="201" count="47" type="stmt"/>
        <line num="202" count="47" type="stmt"/>
        <line num="203" count="47" type="stmt"/>
        <line num="204" count="47" type="stmt"/>
        <line num="205" count="47" type="stmt"/>
        <line num="206" count="47" type="stmt"/>
        <line num="208" count="47" type="stmt"/>
        <line num="209" count="4" type="stmt"/>
        <line num="210" count="4" type="stmt"/>
        <line num="211" count="4" type="stmt"/>
        <line num="214" count="47" type="stmt"/>
        <line num="215" count="2" type="stmt"/>
        <line num="221" count="47" type="stmt"/>
        <line num="222" count="1" type="stmt"/>
        <line num="223" count="1" type="stmt"/>
        <line num="224" count="1" type="stmt"/>
        <line num="225" count="1" type="stmt"/>
        <line num="230" count="1" type="stmt"/>
        <line num="231" count="1" type="stmt"/>
        <line num="232" count="1" type="stmt"/>
        <line num="234" count="0" type="stmt"/>
        <line num="235" count="0" type="cond" truecount="0" falsecount="2"/>
        <line num="236" count="0" type="stmt"/>
        <line num="238" count="1" type="stmt"/>
        <line num="239" count="1" type="stmt"/>
        <line num="241" count="1" type="stmt"/>
        <line num="245" count="47" type="stmt"/>
        <line num="246" count="2" type="stmt"/>
        <line num="248" count="2" type="cond" truecount="2" falsecount="0"/>
        <line num="249" count="1" type="stmt"/>
        <line num="250" count="1" type="stmt"/>
        <line num="253" count="1" type="stmt"/>
        <line num="254" count="1" type="stmt"/>
        <line num="265" count="1" type="stmt"/>
        <line num="267" count="1" type="stmt"/>
        <line num="270" count="1" type="stmt"/>
        <line num="273" count="1" type="stmt"/>
        <line num="274" count="1" type="stmt"/>
        <line num="275" count="1" type="stmt"/>
        <line num="276" count="1" type="stmt"/>
        <line num="277" count="1" type="stmt"/>
        <line num="278" count="1" type="stmt"/>
        <line num="279" count="1" type="stmt"/>
        <line num="280" count="1" type="stmt"/>
        <line num="283" count="1" type="stmt"/>
        <line num="285" count="0" type="stmt"/>
        <line num="288" count="0" type="stmt"/>
        <line num="292" count="47" type="stmt"/>
        <line num="293" count="0" type="stmt"/>
        <line num="294" count="0" type="cond" truecount="0" falsecount="2"/>
        <line num="295" count="0" type="stmt"/>
        <line num="296" count="0" type="cond" truecount="0" falsecount="2"/>
        <line num="297" count="0" type="stmt"/>
        <line num="298" count="0" type="stmt"/>
        <line num="300" count="0" type="stmt"/>
        <line num="301" count="0" type="stmt"/>
        <line num="306" count="47" type="stmt"/>
        <line num="467" count="0" type="stmt"/>
        <line num="474" count="4" type="stmt"/>
        <line num="504" count="2" type="stmt"/>
        <line num="515" count="2" type="stmt"/>
        <line num="522" count="2" type="stmt"/>
        <line num="535" count="0" type="stmt"/>
        <line num="536" count="0" type="stmt"/>
        <line num="555" count="3" type="stmt"/>
        <line num="566" count="3" type="stmt"/>
        <line num="577" count="3" type="stmt"/>
        <line num="588" count="3" type="stmt"/>
        <line num="599" count="3" type="stmt"/>
        <line num="610" count="3" type="stmt"/>
        <line num="622" count="3" type="stmt"/>
        <line num="628" count="0" type="stmt"/>
        <line num="641" count="3" type="stmt"/>
        <line num="647" count="0" type="stmt"/>
        <line num="657" count="2" type="stmt"/>
      </file>
      <file name="OptionalItemsList.tsx" path="C:\Users\marco\OneDrive\Área de Trabalho\elodrinks-frontend\src\pages\OptionalItemsList.tsx">
        <metrics statements="18" coveredstatements="18" conditionals="4" coveredconditionals="4" methods="6" coveredmethods="6"/>
        <line num="5" count="10" type="stmt"/>
        <line num="6" count="10" type="stmt"/>
        <line num="7" count="10" type="stmt"/>
        <line num="9" count="10" type="stmt"/>
        <line num="10" count="3" type="stmt"/>
        <line num="11" count="3" type="stmt"/>
        <line num="12" count="3" type="stmt"/>
        <line num="13" count="3" type="stmt"/>
        <line num="14" count="4" type="stmt"/>
        <line num="21" count="2" type="stmt"/>
        <line num="23" count="1" type="stmt"/>
        <line num="25" count="3" type="stmt"/>
        <line num="29" count="10" type="stmt"/>
        <line num="30" count="1" type="stmt"/>
        <line num="31" count="1" type="stmt"/>
        <line num="34" count="10" type="stmt"/>
        <line num="189" count="1" type="stmt"/>
        <line num="205" count="4" type="stmt"/>
      </file>
      <file name="ServiceList.tsx" path="C:\Users\marco\OneDrive\Área de Trabalho\elodrinks-frontend\src\pages\ServiceList.tsx">
        <metrics statements="21" coveredstatements="3" conditionals="8" coveredconditionals="2" methods="11" coveredmethods="2"/>
        <line num="5" count="1" type="stmt"/>
        <line num="6" count="2" type="stmt"/>
        <line num="21" count="1" type="stmt"/>
        <line num="22" count="0" type="stmt"/>
        <line num="23" count="0" type="stmt"/>
        <line num="24" count="0" type="stmt"/>
        <line num="26" count="0" type="stmt"/>
        <line num="27" count="0" type="stmt"/>
        <line num="30" count="0" type="stmt"/>
        <line num="33" count="0" type="stmt"/>
        <line num="36" count="0" type="stmt"/>
        <line num="40" count="0" type="stmt"/>
        <line num="41" count="0" type="stmt"/>
        <line num="44" count="0" type="cond" truecount="0" falsecount="2"/>
        <line num="46" count="0" type="stmt"/>
        <line num="55" count="0" type="stmt"/>
        <line num="56" count="0" type="stmt"/>
        <line num="57" count="0" type="cond" truecount="0" falsecount="2"/>
        <line num="59" count="0" type="stmt"/>
        <line num="64" count="0" type="stmt"/>
        <line num="85" count="0" type="stmt"/>
      </file>
    </package>
    <package name="services">
      <metrics statements="36" coveredstatements="8" conditionals="7" coveredconditionals="0" methods="22" coveredmethods="0"/>
      <file name="api.ts" path="C:\Users\marco\OneDrive\Área de Trabalho\elodrinks-frontend\src\services\api.ts">
        <metrics statements="36" coveredstatements="8" conditionals="7" coveredconditionals="0" methods="22" coveredmethods="0"/>
        <line num="3" count="2" type="stmt"/>
        <line num="5" count="2" type="stmt"/>
        <line num="12" count="2" type="stmt"/>
        <line num="13" count="0" type="stmt"/>
        <line num="14" count="0" type="cond" truecount="0" falsecount="5"/>
        <line num="15" count="0" type="stmt"/>
        <line num="17" count="0" type="stmt"/>
        <line num="18" count="0" type="stmt"/>
        <line num="20" count="2" type="stmt"/>
        <line num="21" count="0" type="stmt"/>
        <line num="23" count="0" type="cond" truecount="0" falsecount="2"/>
        <line num="24" count="0" type="stmt"/>
        <line num="25" count="0" type="stmt"/>
        <line num="27" count="0" type="stmt"/>
        <line num="107" count="2" type="stmt"/>
        <line num="108" count="0" type="stmt"/>
        <line num="111" count="0" type="stmt"/>
        <line num="114" count="0" type="stmt"/>
        <line num="117" count="0" type="stmt"/>
        <line num="120" count="2" type="stmt"/>
        <line num="121" count="0" type="stmt"/>
        <line num="122" count="0" type="stmt"/>
        <line num="124" count="0" type="stmt"/>
        <line num="125" count="0" type="stmt"/>
        <line num="128" count="2" type="stmt"/>
        <line num="129" count="0" type="stmt"/>
        <line num="130" count="0" type="stmt"/>
        <line num="132" count="0" type="stmt"/>
        <line num="134" count="0" type="stmt"/>
        <line num="135" count="0" type="stmt"/>
        <line num="138" count="2" type="stmt"/>
        <line num="139" count="0" type="stmt"/>
        <line num="141" count="0" type="stmt"/>
        <line num="143" count="0" type="stmt"/>
        <line num="145" count="0" type="stmt"/>
        <line num="146" count="0" type="stmt"/>
      </file>
    </package>
  </project>
</coverage>
