{"C:\\Users\\marco\\OneDrive\\Área de Trabalho\\elodrinks-frontend\\src\\components\\Footer.tsx": {"path":"C:\\Users\\marco\\OneDrive\\Área de Trabalho\\elodrinks-frontend\\src\\components\\Footer.tsx","statementMap":{"0":{"start":{"line":2,"column":2},"end":{"line":176,"column":4}}},"fnMap":{"0":{"name":"Footer","decl":{"start":{"line":1,"column":24},"end":{"line":1,"column":30}},"loc":{"start":{"line":1,"column":33},"end":{"line":177,"column":1}},"line":1}},"branchMap":{},"s":{"0":5},"f":{"0":5},"b":{},"_coverageSchema":"1a1c01bbd47fc00a2c39e90264f33305004495a9","hash":"cf286750b9cc2b22613bb9df2d07919711ca879c"}
,"C:\\Users\\marco\\OneDrive\\Área de Trabalho\\elodrinks-frontend\\src\\components\\Header.tsx": {"path":"C:\\Users\\marco\\OneDrive\\Área de Trabalho\\elodrinks-frontend\\src\\components\\Header.tsx","statementMap":{"0":{"start":{"line":4,"column":2},"end":{"line":40,"column":4}}},"fnMap":{"0":{"name":"Header","decl":{"start":{"line":3,"column":24},"end":{"line":3,"column":30}},"loc":{"start":{"line":3,"column":33},"end":{"line":41,"column":1}},"line":3}},"branchMap":{},"s":{"0":5},"f":{"0":5},"b":{},"_coverageSchema":"1a1c01bbd47fc00a2c39e90264f33305004495a9","hash":"5ba250bf21537f87076784567b494e51da216545"}
,"C:\\Users\\marco\\OneDrive\\Área de Trabalho\\elodrinks-frontend\\src\\pages\\Carousel.tsx": {"path":"C:\\Users\\marco\\OneDrive\\Área de Trabalho\\elodrinks-frontend\\src\\pages\\Carousel.tsx","statementMap":{"0":{"start":{"line":3,"column":23},"end":{"line":21,"column":1}},"1":{"start":{"line":23,"column":17},"end":{"line":70,"column":1}},"2":{"start":{"line":24,"column":42},"end":{"line":24,"column":53}},"3":{"start":{"line":25,"column":23},"end":{"line":25,"column":24}},"4":{"start":{"line":27,"column":2},"end":{"line":34,"column":9}},"5":{"start":{"line":28,"column":21},"end":{"line":32,"column":12}},"6":{"start":{"line":29,"column":6},"end":{"line":31,"column":8}},"7":{"start":{"line":30,"column":8},"end":{"line":30,"column":66}},"8":{"start":{"line":33,"column":4},"end":{"line":33,"column":41}},"9":{"start":{"line":33,"column":17},"end":{"line":33,"column":40}},"10":{"start":{"line":36,"column":21},"end":{"line":36,"column":24}},"11":{"start":{"line":37,"column":14},"end":{"line":37,"column":16}},"12":{"start":{"line":39,"column":2},"end":{"line":69,"column":4}},"13":{"start":{"line":58,"column":12},"end":{"line":64,"column":14}}},"fnMap":{"0":{"name":"(anonymous_0)","decl":{"start":{"line":23,"column":17},"end":{"line":23,"column":18}},"loc":{"start":{"line":23,"column":23},"end":{"line":70,"column":1}},"line":23},"1":{"name":"(anonymous_1)","decl":{"start":{"line":27,"column":12},"end":{"line":27,"column":13}},"loc":{"start":{"line":27,"column":18},"end":{"line":34,"column":3}},"line":27},"2":{"name":"(anonymous_2)","decl":{"start":{"line":28,"column":33},"end":{"line":28,"column":34}},"loc":{"start":{"line":28,"column":39},"end":{"line":32,"column":5}},"line":28},"3":{"name":"(anonymous_3)","decl":{"start":{"line":29,"column":22},"end":{"line":29,"column":23}},"loc":{"start":{"line":30,"column":8},"end":{"line":30,"column":66}},"line":30},"4":{"name":"(anonymous_4)","decl":{"start":{"line":33,"column":11},"end":{"line":33,"column":12}},"loc":{"start":{"line":33,"column":17},"end":{"line":33,"column":40}},"line":33},"5":{"name":"(anonymous_5)","decl":{"start":{"line":57,"column":30},"end":{"line":57,"column":31}},"loc":{"start":{"line":58,"column":12},"end":{"line":64,"column":14}},"line":58}},"branchMap":{"0":{"loc":{"start":{"line":30,"column":8},"end":{"line":30,"column":66}},"type":"cond-expr","locations":[{"start":{"line":30,"column":54},"end":{"line":30,"column":62}},{"start":{"line":30,"column":65},"end":{"line":30,"column":66}}],"line":30}},"s":{"0":1,"1":1,"2":5,"3":5,"4":5,"5":1,"6":5,"7":5,"8":1,"9":1,"10":5,"11":5,"12":5,"13":85},"f":{"0":5,"1":1,"2":5,"3":5,"4":1,"5":85},"b":{"0":[5,0]},"_coverageSchema":"1a1c01bbd47fc00a2c39e90264f33305004495a9","hash":"164e30f1c1ec4e9d00c8a4d3d42f5c503d8633e1"}
,"C:\\Users\\marco\\OneDrive\\Área de Trabalho\\elodrinks-frontend\\src\\pages\\CartModal.tsx": {"path":"C:\\Users\\marco\\OneDrive\\Área de Trabalho\\elodrinks-frontend\\src\\pages\\CartModal.tsx","statementMap":{"0":{"start":{"line":9,"column":2},"end":{"line":61,"column":4}},"1":{"start":{"line":22,"column":24},"end":{"line":22,"column":43}},"2":{"start":{"line":70,"column":18},"end":{"line":297,"column":1}},"3":{"start":{"line":71,"column":42},"end":{"line":71,"column":69}},"4":{"start":{"line":72,"column":30},"end":{"line":72,"column":45}},"5":{"start":{"line":74,"column":38},"end":{"line":74,"column":53}},"6":{"start":{"line":76,"column":19},"end":{"line":79,"column":3}},"7":{"start":{"line":77,"column":30},"end":{"line":77,"column":82}},"8":{"start":{"line":78,"column":4},"end":{"line":78,"column":48}},"9":{"start":{"line":81,"column":20},"end":{"line":84,"column":3}},"10":{"start":{"line":82,"column":4},"end":{"line":82,"column":40}},"11":{"start":{"line":83,"column":4},"end":{"line":83,"column":24}},"12":{"start":{"line":86,"column":28},"end":{"line":89,"column":3}},"13":{"start":{"line":87,"column":4},"end":{"line":87,"column":16}},"14":{"start":{"line":88,"column":4},"end":{"line":88,"column":25}},"15":{"start":{"line":91,"column":25},"end":{"line":107,"column":3}},"16":{"start":{"line":92,"column":52},"end":{"line":92,"column":54}},"17":{"start":{"line":93,"column":4},"end":{"line":105,"column":5}},"18":{"start":{"line":94,"column":19},"end":{"line":94,"column":41}},"19":{"start":{"line":95,"column":18},"end":{"line":95,"column":39}},"20":{"start":{"line":96,"column":6},"end":{"line":104,"column":7}},"21":{"start":{"line":97,"column":8},"end":{"line":97,"column":35}},"22":{"start":{"line":99,"column":8},"end":{"line":103,"column":10}},"23":{"start":{"line":106,"column":4},"end":{"line":106,"column":34}},"24":{"start":{"line":109,"column":25},"end":{"line":121,"column":3}},"25":{"start":{"line":110,"column":30},"end":{"line":112,"column":5}},"26":{"start":{"line":113,"column":18},"end":{"line":115,"column":5}},"27":{"start":{"line":114,"column":16},"end":{"line":114,"column":68}},"28":{"start":{"line":116,"column":4},"end":{"line":120,"column":5}},"29":{"start":{"line":117,"column":6},"end":{"line":117,"column":34}},"30":{"start":{"line":118,"column":6},"end":{"line":118,"column":67}},"31":{"start":{"line":119,"column":6},"end":{"line":119,"column":50}},"32":{"start":{"line":123,"column":2},"end":{"line":131,"column":9}},"33":{"start":{"line":124,"column":4},"end":{"line":124,"column":15}},"34":{"start":{"line":126,"column":32},"end":{"line":126,"column":48}},"35":{"start":{"line":126,"column":38},"end":{"line":126,"column":48}},"36":{"start":{"line":127,"column":4},"end":{"line":127,"column":71}},"37":{"start":{"line":128,"column":4},"end":{"line":130,"column":6}},"38":{"start":{"line":129,"column":6},"end":{"line":129,"column":76}},"39":{"start":{"line":133,"column":2},"end":{"line":296,"column":4}},"40":{"start":{"line":137,"column":23},"end":{"line":137,"column":38}},"41":{"start":{"line":177,"column":50},"end":{"line":177,"column":69}},"42":{"start":{"line":187,"column":25},"end":{"line":187,"column":41}},"43":{"start":{"line":203,"column":28},"end":{"line":203,"column":47}},"44":{"start":{"line":216,"column":29},"end":{"line":216,"column":45}},"45":{"start":{"line":238,"column":18},"end":{"line":271,"column":23}},"46":{"start":{"line":259,"column":39},"end":{"line":259,"column":74}},"47":{"start":{"line":283,"column":18},"end":{"line":283,"column":38}},"48":{"start":{"line":284,"column":18},"end":{"line":284,"column":35}}},"fnMap":{"0":{"name":"Agradecimento","decl":{"start":{"line":8,"column":9},"end":{"line":8,"column":22}},"loc":{"start":{"line":8,"column":56},"end":{"line":62,"column":1}},"line":8},"1":{"name":"(anonymous_1)","decl":{"start":{"line":22,"column":17},"end":{"line":22,"column":18}},"loc":{"start":{"line":22,"column":24},"end":{"line":22,"column":43}},"line":22},"2":{"name":"(anonymous_2)","decl":{"start":{"line":70,"column":18},"end":{"line":70,"column":19}},"loc":{"start":{"line":70,"column":24},"end":{"line":297,"column":1}},"line":70},"3":{"name":"(anonymous_3)","decl":{"start":{"line":76,"column":19},"end":{"line":76,"column":20}},"loc":{"start":{"line":76,"column":25},"end":{"line":79,"column":3}},"line":76},"4":{"name":"(anonymous_4)","decl":{"start":{"line":81,"column":20},"end":{"line":81,"column":21}},"loc":{"start":{"line":81,"column":26},"end":{"line":84,"column":3}},"line":81},"5":{"name":"(anonymous_5)","decl":{"start":{"line":86,"column":28},"end":{"line":86,"column":29}},"loc":{"start":{"line":86,"column":34},"end":{"line":89,"column":3}},"line":86},"6":{"name":"(anonymous_6)","decl":{"start":{"line":91,"column":25},"end":{"line":91,"column":26}},"loc":{"start":{"line":91,"column":58},"end":{"line":107,"column":3}},"line":91},"7":{"name":"(anonymous_7)","decl":{"start":{"line":109,"column":25},"end":{"line":109,"column":26}},"loc":{"start":{"line":109,"column":67},"end":{"line":121,"column":3}},"line":109},"8":{"name":"(anonymous_8)","decl":{"start":{"line":114,"column":6},"end":{"line":114,"column":7}},"loc":{"start":{"line":114,"column":16},"end":{"line":114,"column":68}},"line":114},"9":{"name":"(anonymous_9)","decl":{"start":{"line":123,"column":12},"end":{"line":123,"column":13}},"loc":{"start":{"line":123,"column":18},"end":{"line":131,"column":3}},"line":123},"10":{"name":"(anonymous_10)","decl":{"start":{"line":126,"column":32},"end":{"line":126,"column":33}},"loc":{"start":{"line":126,"column":38},"end":{"line":126,"column":48}},"line":126},"11":{"name":"(anonymous_11)","decl":{"start":{"line":128,"column":11},"end":{"line":128,"column":12}},"loc":{"start":{"line":128,"column":17},"end":{"line":130,"column":5}},"line":128},"12":{"name":"(anonymous_12)","decl":{"start":{"line":137,"column":17},"end":{"line":137,"column":18}},"loc":{"start":{"line":137,"column":23},"end":{"line":137,"column":38}},"line":137},"13":{"name":"(anonymous_13)","decl":{"start":{"line":177,"column":35},"end":{"line":177,"column":36}},"loc":{"start":{"line":177,"column":50},"end":{"line":177,"column":69}},"line":177},"14":{"name":"(anonymous_14)","decl":{"start":{"line":187,"column":19},"end":{"line":187,"column":20}},"loc":{"start":{"line":187,"column":25},"end":{"line":187,"column":41}},"line":187},"15":{"name":"(anonymous_15)","decl":{"start":{"line":203,"column":21},"end":{"line":203,"column":22}},"loc":{"start":{"line":203,"column":28},"end":{"line":203,"column":47}},"line":203},"16":{"name":"(anonymous_16)","decl":{"start":{"line":216,"column":23},"end":{"line":216,"column":24}},"loc":{"start":{"line":216,"column":29},"end":{"line":216,"column":45}},"line":216},"17":{"name":"(anonymous_17)","decl":{"start":{"line":237,"column":34},"end":{"line":237,"column":35}},"loc":{"start":{"line":238,"column":18},"end":{"line":271,"column":23}},"line":238},"18":{"name":"(anonymous_18)","decl":{"start":{"line":259,"column":33},"end":{"line":259,"column":34}},"loc":{"start":{"line":259,"column":39},"end":{"line":259,"column":74}},"line":259},"19":{"name":"(anonymous_19)","decl":{"start":{"line":282,"column":25},"end":{"line":282,"column":26}},"loc":{"start":{"line":282,"column":31},"end":{"line":285,"column":17}},"line":282}},"branchMap":{"0":{"loc":{"start":{"line":77,"column":41},"end":{"line":77,"column":81}},"type":"binary-expr","locations":[{"start":{"line":77,"column":41},"end":{"line":77,"column":73}},{"start":{"line":77,"column":77},"end":{"line":77,"column":81}}],"line":77},"1":{"loc":{"start":{"line":94,"column":19},"end":{"line":94,"column":41}},"type":"binary-expr","locations":[{"start":{"line":94,"column":19},"end":{"line":94,"column":28}},{"start":{"line":94,"column":32},"end":{"line":94,"column":41}}],"line":94},"2":{"loc":{"start":{"line":96,"column":6},"end":{"line":104,"column":7}},"type":"if","locations":[{"start":{"line":96,"column":6},"end":{"line":104,"column":7}},{"start":{"line":98,"column":13},"end":{"line":104,"column":7}}],"line":96},"3":{"loc":{"start":{"line":109,"column":38},"end":{"line":109,"column":62}},"type":"default-arg","locations":[{"start":{"line":109,"column":53},"end":{"line":109,"column":62}}],"line":109},"4":{"loc":{"start":{"line":111,"column":6},"end":{"line":111,"column":46}},"type":"binary-expr","locations":[{"start":{"line":111,"column":6},"end":{"line":111,"column":38}},{"start":{"line":111,"column":42},"end":{"line":111,"column":46}}],"line":111},"5":{"loc":{"start":{"line":114,"column":16},"end":{"line":114,"column":68}},"type":"binary-expr","locations":[{"start":{"line":114,"column":16},"end":{"line":114,"column":31}},{"start":{"line":114,"column":35},"end":{"line":114,"column":68}}],"line":114},"6":{"loc":{"start":{"line":114,"column":36},"end":{"line":114,"column":58}},"type":"binary-expr","locations":[{"start":{"line":114,"column":36},"end":{"line":114,"column":45}},{"start":{"line":114,"column":49},"end":{"line":114,"column":58}}],"line":114},"7":{"loc":{"start":{"line":116,"column":4},"end":{"line":120,"column":5}},"type":"if","locations":[{"start":{"line":116,"column":4},"end":{"line":120,"column":5}},{"start":{},"end":{}}],"line":116},"8":{"loc":{"start":{"line":160,"column":11},"end":{"line":179,"column":11}},"type":"binary-expr","locations":[{"start":{"line":160,"column":11},"end":{"line":160,"column":34}},{"start":{"line":161,"column":12},"end":{"line":178,"column":19}}],"line":160},"9":{"loc":{"start":{"line":184,"column":7},"end":{"line":292,"column":7}},"type":"binary-expr","locations":[{"start":{"line":184,"column":7},"end":{"line":184,"column":13}},{"start":{"line":185,"column":8},"end":{"line":291,"column":14}}],"line":184},"10":{"loc":{"start":{"line":233,"column":13},"end":{"line":274,"column":13}},"type":"cond-expr","locations":[{"start":{"line":234,"column":14},"end":{"line":234,"column":32}},{"start":{"line":236,"column":14},"end":{"line":273,"column":19}}],"line":233},"11":{"loc":{"start":{"line":294,"column":8},"end":{"line":294,"column":67}},"type":"binary-expr","locations":[{"start":{"line":294,"column":8},"end":{"line":294,"column":18}},{"start":{"line":294,"column":22},"end":{"line":294,"column":67}}],"line":294}},"s":{"0":0,"1":0,"2":1,"3":6,"4":6,"5":6,"6":6,"7":1,"8":1,"9":6,"10":0,"11":0,"12":6,"13":0,"14":0,"15":6,"16":1,"17":1,"18":0,"19":0,"20":0,"21":0,"22":0,"23":1,"24":6,"25":0,"26":0,"27":0,"28":0,"29":0,"30":0,"31":0,"32":6,"33":1,"34":1,"35":0,"36":1,"37":1,"38":1,"39":6,"40":0,"41":0,"42":0,"43":0,"44":0,"45":0,"46":0,"47":0,"48":0},"f":{"0":0,"1":0,"2":6,"3":1,"4":0,"5":0,"6":1,"7":0,"8":0,"9":1,"10":0,"11":1,"12":0,"13":0,"14":0,"15":0,"16":0,"17":0,"18":0,"19":0},"b":{"0":[1,1],"1":[0,0],"2":[0,0],"3":[0],"4":[0,0],"5":[0,0],"6":[0,0],"7":[0,0],"8":[6,0],"9":[6,0],"10":[0,0],"11":[6,0]},"_coverageSchema":"1a1c01bbd47fc00a2c39e90264f33305004495a9","hash":"d2802a8f0a8cfd5145e82a8046d18685d29050a4"}
,"C:\\Users\\marco\\OneDrive\\Área de Trabalho\\elodrinks-frontend\\src\\pages\\Home.tsx": {"path":"C:\\Users\\marco\\OneDrive\\Área de Trabalho\\elodrinks-frontend\\src\\pages\\Home.tsx","statementMap":{"0":{"start":{"line":11,"column":22},"end":{"line":21,"column":3}},"1":{"start":{"line":23,"column":42},"end":{"line":23,"column":53}},"2":{"start":{"line":24,"column":26},"end":{"line":24,"column":41}},"3":{"start":{"line":26,"column":2},"end":{"line":37,"column":9}},"4":{"start":{"line":27,"column":21},"end":{"line":34,"column":12}},"5":{"start":{"line":28,"column":6},"end":{"line":28,"column":20}},"6":{"start":{"line":30,"column":6},"end":{"line":33,"column":14}},"7":{"start":{"line":31,"column":8},"end":{"line":31,"column":67}},"8":{"start":{"line":31,"column":34},"end":{"line":31,"column":65}},"9":{"start":{"line":32,"column":8},"end":{"line":32,"column":23}},"10":{"start":{"line":36,"column":4},"end":{"line":36,"column":41}},"11":{"start":{"line":36,"column":17},"end":{"line":36,"column":40}},"12":{"start":{"line":39,"column":22},"end":{"line":39,"column":54}},"13":{"start":{"line":41,"column":2},"end":{"line":102,"column":9}},"14":{"start":{"line":42,"column":28},"end":{"line":42,"column":47}},"15":{"start":{"line":43,"column":4},"end":{"line":43,"column":33}},"16":{"start":{"line":43,"column":26},"end":{"line":43,"column":33}},"17":{"start":{"line":47,"column":6},"end":{"line":47,"column":77}},"18":{"start":{"line":51,"column":21},"end":{"line":51,"column":73}},"19":{"start":{"line":52,"column":20},"end":{"line":52,"column":21}},"20":{"start":{"line":53,"column":23},"end":{"line":53,"column":27}},"21":{"start":{"line":54,"column":28},"end":{"line":54,"column":52}},"22":{"start":{"line":57,"column":8},"end":{"line":57,"column":33}},"23":{"start":{"line":58,"column":8},"end":{"line":63,"column":9}},"24":{"start":{"line":59,"column":10},"end":{"line":59,"column":64}},"25":{"start":{"line":60,"column":10},"end":{"line":60,"column":38}},"26":{"start":{"line":62,"column":10},"end":{"line":62,"column":52}},"27":{"start":{"line":66,"column":6},"end":{"line":66,"column":34}},"28":{"start":{"line":70,"column":6},"end":{"line":72,"column":9}},"29":{"start":{"line":71,"column":8},"end":{"line":71,"column":28}},"30":{"start":{"line":75,"column":28},"end":{"line":79,"column":5}},"31":{"start":{"line":81,"column":59},"end":{"line":89,"column":5}},"32":{"start":{"line":82,"column":6},"end":{"line":88,"column":9}},"33":{"start":{"line":83,"column":8},"end":{"line":87,"column":9}},"34":{"start":{"line":84,"column":10},"end":{"line":84,"column":55}},"35":{"start":{"line":84,"column":35},"end":{"line":84,"column":53}},"36":{"start":{"line":86,"column":10},"end":{"line":86,"column":26}},"37":{"start":{"line":91,"column":21},"end":{"line":94,"column":5}},"38":{"start":{"line":95,"column":4},"end":{"line":95,"column":38}},"39":{"start":{"line":97,"column":4},"end":{"line":101,"column":6}},"40":{"start":{"line":98,"column":6},"end":{"line":100,"column":7}},"41":{"start":{"line":99,"column":8},"end":{"line":99,"column":44}},"42":{"start":{"line":104,"column":2},"end":{"line":333,"column":4}}},"fnMap":{"0":{"name":"Home","decl":{"start":{"line":10,"column":24},"end":{"line":10,"column":28}},"loc":{"start":{"line":10,"column":31},"end":{"line":334,"column":1}},"line":10},"1":{"name":"(anonymous_1)","decl":{"start":{"line":26,"column":12},"end":{"line":26,"column":13}},"loc":{"start":{"line":26,"column":18},"end":{"line":37,"column":3}},"line":26},"2":{"name":"(anonymous_2)","decl":{"start":{"line":27,"column":33},"end":{"line":27,"column":34}},"loc":{"start":{"line":27,"column":39},"end":{"line":34,"column":5}},"line":27},"3":{"name":"(anonymous_3)","decl":{"start":{"line":30,"column":17},"end":{"line":30,"column":18}},"loc":{"start":{"line":30,"column":23},"end":{"line":33,"column":7}},"line":30},"4":{"name":"(anonymous_4)","decl":{"start":{"line":31,"column":24},"end":{"line":31,"column":25}},"loc":{"start":{"line":31,"column":34},"end":{"line":31,"column":65}},"line":31},"5":{"name":"(anonymous_5)","decl":{"start":{"line":36,"column":11},"end":{"line":36,"column":12}},"loc":{"start":{"line":36,"column":17},"end":{"line":36,"column":40}},"line":36},"6":{"name":"(anonymous_6)","decl":{"start":{"line":41,"column":12},"end":{"line":41,"column":13}},"loc":{"start":{"line":41,"column":18},"end":{"line":102,"column":3}},"line":41},"7":{"name":"animateCounter","decl":{"start":{"line":50,"column":13},"end":{"line":50,"column":27}},"loc":{"start":{"line":50,"column":59},"end":{"line":67,"column":5}},"line":50},"8":{"name":"step","decl":{"start":{"line":56,"column":15},"end":{"line":56,"column":19}},"loc":{"start":{"line":56,"column":22},"end":{"line":64,"column":7}},"line":56},"9":{"name":"resetCounters","decl":{"start":{"line":69,"column":13},"end":{"line":69,"column":26}},"loc":{"start":{"line":69,"column":29},"end":{"line":73,"column":5}},"line":69},"10":{"name":"(anonymous_10)","decl":{"start":{"line":70,"column":23},"end":{"line":70,"column":24}},"loc":{"start":{"line":70,"column":30},"end":{"line":72,"column":7}},"line":70},"11":{"name":"(anonymous_11)","decl":{"start":{"line":81,"column":59},"end":{"line":81,"column":60}},"loc":{"start":{"line":81,"column":72},"end":{"line":89,"column":5}},"line":81},"12":{"name":"(anonymous_12)","decl":{"start":{"line":82,"column":22},"end":{"line":82,"column":23}},"loc":{"start":{"line":82,"column":33},"end":{"line":88,"column":7}},"line":82},"13":{"name":"(anonymous_13)","decl":{"start":{"line":84,"column":27},"end":{"line":84,"column":28}},"loc":{"start":{"line":84,"column":35},"end":{"line":84,"column":53}},"line":84},"14":{"name":"(anonymous_14)","decl":{"start":{"line":97,"column":11},"end":{"line":97,"column":12}},"loc":{"start":{"line":97,"column":17},"end":{"line":101,"column":5}},"line":97}},"branchMap":{"0":{"loc":{"start":{"line":43,"column":4},"end":{"line":43,"column":33}},"type":"if","locations":[{"start":{"line":43,"column":4},"end":{"line":43,"column":33}},{"start":{},"end":{}}],"line":43},"1":{"loc":{"start":{"line":58,"column":8},"end":{"line":63,"column":9}},"type":"if","locations":[{"start":{"line":58,"column":8},"end":{"line":63,"column":9}},{"start":{"line":61,"column":15},"end":{"line":63,"column":9}}],"line":58},"2":{"loc":{"start":{"line":83,"column":8},"end":{"line":87,"column":9}},"type":"if","locations":[{"start":{"line":83,"column":8},"end":{"line":87,"column":9}},{"start":{"line":85,"column":15},"end":{"line":87,"column":9}}],"line":83},"3":{"loc":{"start":{"line":98,"column":6},"end":{"line":100,"column":7}},"type":"if","locations":[{"start":{"line":98,"column":6},"end":{"line":100,"column":7}},{"start":{},"end":{}}],"line":98},"4":{"loc":{"start":{"line":115,"column":35},"end":{"line":115,"column":64}},"type":"cond-expr","locations":[{"start":{"line":115,"column":42},"end":{"line":115,"column":52}},{"start":{"line":115,"column":55},"end":{"line":115,"column":64}}],"line":115}},"s":{"0":5,"1":5,"2":5,"3":5,"4":1,"5":3,"6":3,"7":3,"8":3,"9":3,"10":1,"11":1,"12":5,"13":5,"14":1,"15":1,"16":0,"17":1,"18":0,"19":0,"20":0,"21":0,"22":0,"23":0,"24":0,"25":0,"26":0,"27":0,"28":0,"29":0,"30":1,"31":1,"32":0,"33":0,"34":0,"35":0,"36":0,"37":1,"38":1,"39":1,"40":1,"41":1,"42":5},"f":{"0":5,"1":1,"2":3,"3":3,"4":3,"5":1,"6":1,"7":0,"8":0,"9":0,"10":0,"11":0,"12":0,"13":0,"14":1},"b":{"0":[0,1],"1":[0,0],"2":[0,0],"3":[1,0],"4":[1,4]},"_coverageSchema":"1a1c01bbd47fc00a2c39e90264f33305004495a9","hash":"90316f5d9603b8c2e0f374a333a185ec793acd8c"}
,"C:\\Users\\marco\\OneDrive\\Área de Trabalho\\elodrinks-frontend\\src\\pages\\Login.tsx": {"path":"C:\\Users\\marco\\OneDrive\\Área de Trabalho\\elodrinks-frontend\\src\\pages\\Login.tsx","statementMap":{"0":{"start":{"line":2,"column":14},"end":{"line":145,"column":1}},"1":{"start":{"line":166,"column":16},"end":{"line":166,"column":45}},"2":{"start":{"line":167,"column":2},"end":{"line":167,"column":38}},"3":{"start":{"line":167,"column":13},"end":{"line":167,"column":38}},"4":{"start":{"line":168,"column":28},"end":{"line":180,"column":3}},"5":{"start":{"line":181,"column":2},"end":{"line":181,"column":59}},"6":{"start":{"line":182,"column":2},"end":{"line":182,"column":19}},"7":{"start":{"line":185,"column":24},"end":{"line":677,"column":1}},"8":{"start":{"line":186,"column":32},"end":{"line":186,"column":46}},"9":{"start":{"line":187,"column":42},"end":{"line":190,"column":4}},"10":{"start":{"line":191,"column":46},"end":{"line":191,"column":58}},"11":{"start":{"line":192,"column":42},"end":{"line":192,"column":54}},"12":{"start":{"line":193,"column":38},"end":{"line":193,"column":50}},"13":{"start":{"line":194,"column":44},"end":{"line":194,"column":56}},"14":{"start":{"line":195,"column":38},"end":{"line":195,"column":50}},"15":{"start":{"line":196,"column":40},"end":{"line":196,"column":52}},"16":{"start":{"line":197,"column":44},"end":{"line":197,"column":56}},"17":{"start":{"line":198,"column":36},"end":{"line":198,"column":48}},"18":{"start":{"line":199,"column":36},"end":{"line":199,"column":48}},"19":{"start":{"line":200,"column":40},"end":{"line":200,"column":52}},"20":{"start":{"line":201,"column":46},"end":{"line":201,"column":58}},"21":{"start":{"line":202,"column":60},"end":{"line":202,"column":72}},"22":{"start":{"line":203,"column":38},"end":{"line":203,"column":54}},"23":{"start":{"line":204,"column":18},"end":{"line":204,"column":51}},"24":{"start":{"line":205,"column":19},"end":{"line":205,"column":32}},"25":{"start":{"line":206,"column":32},"end":{"line":206,"column":47}},"26":{"start":{"line":208,"column":23},"end":{"line":212,"column":3}},"27":{"start":{"line":209,"column":4},"end":{"line":209,"column":22}},"28":{"start":{"line":210,"column":4},"end":{"line":210,"column":26}},"29":{"start":{"line":211,"column":4},"end":{"line":211,"column":24}},"30":{"start":{"line":214,"column":29},"end":{"line":219,"column":3}},"31":{"start":{"line":215,"column":4},"end":{"line":218,"column":8}},"32":{"start":{"line":215,"column":31},"end":{"line":218,"column":5}},"33":{"start":{"line":221,"column":22},"end":{"line":243,"column":3}},"34":{"start":{"line":222,"column":4},"end":{"line":222,"column":23}},"35":{"start":{"line":223,"column":4},"end":{"line":223,"column":21}},"36":{"start":{"line":224,"column":4},"end":{"line":242,"column":5}},"37":{"start":{"line":225,"column":23},"end":{"line":228,"column":8}},"38":{"start":{"line":230,"column":24},"end":{"line":230,"column":37}},"39":{"start":{"line":231,"column":6},"end":{"line":231,"column":43}},"40":{"start":{"line":232,"column":27},"end":{"line":232,"column":61}},"41":{"start":{"line":234,"column":6},"end":{"line":234,"column":26}},"42":{"start":{"line":235,"column":6},"end":{"line":236,"column":29}},"43":{"start":{"line":235,"column":41},"end":{"line":235,"column":61}},"44":{"start":{"line":236,"column":11},"end":{"line":236,"column":29}},"45":{"start":{"line":238,"column":6},"end":{"line":238,"column":52}},"46":{"start":{"line":239,"column":6},"end":{"line":239,"column":28}},"47":{"start":{"line":241,"column":6},"end":{"line":241,"column":24}},"48":{"start":{"line":245,"column":23},"end":{"line":290,"column":3}},"49":{"start":{"line":246,"column":4},"end":{"line":246,"column":23}},"50":{"start":{"line":248,"column":4},"end":{"line":251,"column":5}},"51":{"start":{"line":249,"column":6},"end":{"line":249,"column":50}},"52":{"start":{"line":250,"column":6},"end":{"line":250,"column":13}},"53":{"start":{"line":253,"column":4},"end":{"line":289,"column":5}},"54":{"start":{"line":254,"column":22},"end":{"line":263,"column":7}},"55":{"start":{"line":265,"column":6},"end":{"line":265,"column":44}},"56":{"start":{"line":267,"column":6},"end":{"line":269,"column":8}},"57":{"start":{"line":270,"column":6},"end":{"line":270,"column":26}},"58":{"start":{"line":273,"column":6},"end":{"line":273,"column":24}},"59":{"start":{"line":274,"column":6},"end":{"line":274,"column":27}},"60":{"start":{"line":275,"column":6},"end":{"line":275,"column":23}},"61":{"start":{"line":276,"column":6},"end":{"line":276,"column":23}},"62":{"start":{"line":277,"column":6},"end":{"line":277,"column":25}},"63":{"start":{"line":278,"column":6},"end":{"line":278,"column":25}},"64":{"start":{"line":279,"column":6},"end":{"line":279,"column":28}},"65":{"start":{"line":280,"column":6},"end":{"line":280,"column":35}},"66":{"start":{"line":283,"column":6},"end":{"line":283,"column":20}},"67":{"start":{"line":285,"column":6},"end":{"line":287,"column":8}},"68":{"start":{"line":288,"column":6},"end":{"line":288,"column":28}},"69":{"start":{"line":292,"column":31},"end":{"line":304,"column":3}},"70":{"start":{"line":293,"column":18},"end":{"line":293,"column":71}},"71":{"start":{"line":294,"column":4},"end":{"line":303,"column":5}},"72":{"start":{"line":295,"column":19},"end":{"line":295,"column":55}},"73":{"start":{"line":295,"column":37},"end":{"line":295,"column":54}},"74":{"start":{"line":296,"column":6},"end":{"line":302,"column":7}},"75":{"start":{"line":297,"column":8},"end":{"line":297,"column":80}},"76":{"start":{"line":298,"column":8},"end":{"line":298,"column":28}},"77":{"start":{"line":300,"column":8},"end":{"line":300,"column":49}},"78":{"start":{"line":301,"column":8},"end":{"line":301,"column":30}},"79":{"start":{"line":306,"column":2},"end":{"line":676,"column":4}},"80":{"start":{"line":467,"column":31},"end":{"line":467,"column":49}},"81":{"start":{"line":474,"column":31},"end":{"line":474,"column":50}},"82":{"start":{"line":504,"column":37},"end":{"line":504,"column":66}},"83":{"start":{"line":515,"column":37},"end":{"line":515,"column":69}},"84":{"start":{"line":522,"column":35},"end":{"line":522,"column":70}},"85":{"start":{"line":535,"column":20},"end":{"line":535,"column":39}},"86":{"start":{"line":536,"column":20},"end":{"line":536,"column":43}},"87":{"start":{"line":555,"column":37},"end":{"line":555,"column":66}},"88":{"start":{"line":566,"column":37},"end":{"line":566,"column":69}},"89":{"start":{"line":577,"column":37},"end":{"line":577,"column":65}},"90":{"start":{"line":588,"column":37},"end":{"line":588,"column":65}},"91":{"start":{"line":599,"column":37},"end":{"line":599,"column":67}},"92":{"start":{"line":610,"column":37},"end":{"line":610,"column":67}},"93":{"start":{"line":622,"column":37},"end":{"line":622,"column":70}},"94":{"start":{"line":628,"column":35},"end":{"line":628,"column":71}},"95":{"start":{"line":641,"column":37},"end":{"line":641,"column":77}},"96":{"start":{"line":647,"column":35},"end":{"line":647,"column":72}},"97":{"start":{"line":657,"column":37},"end":{"line":657,"column":66}}},"fnMap":{"0":{"name":"getInitialUsers","decl":{"start":{"line":165,"column":9},"end":{"line":165,"column":24}},"loc":{"start":{"line":165,"column":35},"end":{"line":183,"column":1}},"line":165},"1":{"name":"(anonymous_1)","decl":{"start":{"line":185,"column":24},"end":{"line":185,"column":25}},"loc":{"start":{"line":185,"column":30},"end":{"line":677,"column":1}},"line":185},"2":{"name":"(anonymous_2)","decl":{"start":{"line":208,"column":23},"end":{"line":208,"column":24}},"loc":{"start":{"line":208,"column":43},"end":{"line":212,"column":3}},"line":208},"3":{"name":"(anonymous_3)","decl":{"start":{"line":214,"column":29},"end":{"line":214,"column":30}},"loc":{"start":{"line":214,"column":48},"end":{"line":219,"column":3}},"line":214},"4":{"name":"(anonymous_4)","decl":{"start":{"line":215,"column":20},"end":{"line":215,"column":21}},"loc":{"start":{"line":215,"column":31},"end":{"line":218,"column":5}},"line":215},"5":{"name":"(anonymous_5)","decl":{"start":{"line":221,"column":22},"end":{"line":221,"column":23}},"loc":{"start":{"line":221,"column":52},"end":{"line":243,"column":3}},"line":221},"6":{"name":"(anonymous_6)","decl":{"start":{"line":245,"column":23},"end":{"line":245,"column":24}},"loc":{"start":{"line":245,"column":53},"end":{"line":290,"column":3}},"line":245},"7":{"name":"(anonymous_7)","decl":{"start":{"line":292,"column":31},"end":{"line":292,"column":32}},"loc":{"start":{"line":292,"column":37},"end":{"line":304,"column":3}},"line":292},"8":{"name":"(anonymous_8)","decl":{"start":{"line":295,"column":30},"end":{"line":295,"column":31}},"loc":{"start":{"line":295,"column":37},"end":{"line":295,"column":54}},"line":295},"9":{"name":"(anonymous_9)","decl":{"start":{"line":467,"column":25},"end":{"line":467,"column":26}},"loc":{"start":{"line":467,"column":31},"end":{"line":467,"column":49}},"line":467},"10":{"name":"(anonymous_10)","decl":{"start":{"line":474,"column":25},"end":{"line":474,"column":26}},"loc":{"start":{"line":474,"column":31},"end":{"line":474,"column":50}},"line":474},"11":{"name":"(anonymous_11)","decl":{"start":{"line":504,"column":30},"end":{"line":504,"column":31}},"loc":{"start":{"line":504,"column":37},"end":{"line":504,"column":66}},"line":504},"12":{"name":"(anonymous_12)","decl":{"start":{"line":515,"column":30},"end":{"line":515,"column":31}},"loc":{"start":{"line":515,"column":37},"end":{"line":515,"column":69}},"line":515},"13":{"name":"(anonymous_13)","decl":{"start":{"line":522,"column":29},"end":{"line":522,"column":30}},"loc":{"start":{"line":522,"column":35},"end":{"line":522,"column":70}},"line":522},"14":{"name":"(anonymous_14)","decl":{"start":{"line":534,"column":27},"end":{"line":534,"column":28}},"loc":{"start":{"line":534,"column":34},"end":{"line":537,"column":19}},"line":534},"15":{"name":"(anonymous_15)","decl":{"start":{"line":555,"column":30},"end":{"line":555,"column":31}},"loc":{"start":{"line":555,"column":37},"end":{"line":555,"column":66}},"line":555},"16":{"name":"(anonymous_16)","decl":{"start":{"line":566,"column":30},"end":{"line":566,"column":31}},"loc":{"start":{"line":566,"column":37},"end":{"line":566,"column":69}},"line":566},"17":{"name":"(anonymous_17)","decl":{"start":{"line":577,"column":30},"end":{"line":577,"column":31}},"loc":{"start":{"line":577,"column":37},"end":{"line":577,"column":65}},"line":577},"18":{"name":"(anonymous_18)","decl":{"start":{"line":588,"column":30},"end":{"line":588,"column":31}},"loc":{"start":{"line":588,"column":37},"end":{"line":588,"column":65}},"line":588},"19":{"name":"(anonymous_19)","decl":{"start":{"line":599,"column":30},"end":{"line":599,"column":31}},"loc":{"start":{"line":599,"column":37},"end":{"line":599,"column":67}},"line":599},"20":{"name":"(anonymous_20)","decl":{"start":{"line":610,"column":30},"end":{"line":610,"column":31}},"loc":{"start":{"line":610,"column":37},"end":{"line":610,"column":67}},"line":610},"21":{"name":"(anonymous_21)","decl":{"start":{"line":622,"column":30},"end":{"line":622,"column":31}},"loc":{"start":{"line":622,"column":37},"end":{"line":622,"column":70}},"line":622},"22":{"name":"(anonymous_22)","decl":{"start":{"line":628,"column":29},"end":{"line":628,"column":30}},"loc":{"start":{"line":628,"column":35},"end":{"line":628,"column":71}},"line":628},"23":{"name":"(anonymous_23)","decl":{"start":{"line":641,"column":30},"end":{"line":641,"column":31}},"loc":{"start":{"line":641,"column":37},"end":{"line":641,"column":77}},"line":641},"24":{"name":"(anonymous_24)","decl":{"start":{"line":647,"column":29},"end":{"line":647,"column":30}},"loc":{"start":{"line":647,"column":35},"end":{"line":647,"column":72}},"line":647},"25":{"name":"(anonymous_25)","decl":{"start":{"line":657,"column":30},"end":{"line":657,"column":31}},"loc":{"start":{"line":657,"column":37},"end":{"line":657,"column":66}},"line":657}},"branchMap":{"0":{"loc":{"start":{"line":167,"column":2},"end":{"line":167,"column":38}},"type":"if","locations":[{"start":{"line":167,"column":2},"end":{"line":167,"column":38}},{"start":{},"end":{}}],"line":167},"1":{"loc":{"start":{"line":235,"column":6},"end":{"line":236,"column":29}},"type":"if","locations":[{"start":{"line":235,"column":6},"end":{"line":236,"column":29}},{"start":{"line":236,"column":11},"end":{"line":236,"column":29}}],"line":235},"2":{"loc":{"start":{"line":248,"column":4},"end":{"line":251,"column":5}},"type":"if","locations":[{"start":{"line":248,"column":4},"end":{"line":251,"column":5}},{"start":{},"end":{}}],"line":248},"3":{"loc":{"start":{"line":294,"column":4},"end":{"line":303,"column":5}},"type":"if","locations":[{"start":{"line":294,"column":4},"end":{"line":303,"column":5}},{"start":{},"end":{}}],"line":294},"4":{"loc":{"start":{"line":296,"column":6},"end":{"line":302,"column":7}},"type":"if","locations":[{"start":{"line":296,"column":6},"end":{"line":302,"column":7}},{"start":{"line":299,"column":13},"end":{"line":302,"column":7}}],"line":296},"5":{"loc":{"start":{"line":466,"column":40},"end":{"line":466,"column":64}},"type":"cond-expr","locations":[{"start":{"line":466,"column":50},"end":{"line":466,"column":59}},{"start":{"line":466,"column":62},"end":{"line":466,"column":64}}],"line":466},"6":{"loc":{"start":{"line":473,"column":40},"end":{"line":473,"column":65}},"type":"cond-expr","locations":[{"start":{"line":473,"column":51},"end":{"line":473,"column":60}},{"start":{"line":473,"column":63},"end":{"line":473,"column":65}}],"line":473},"7":{"loc":{"start":{"line":478,"column":46},"end":{"line":478,"column":71}},"type":"cond-expr","locations":[{"start":{"line":478,"column":57},"end":{"line":478,"column":66}},{"start":{"line":478,"column":69},"end":{"line":478,"column":71}}],"line":478},"8":{"loc":{"start":{"line":483,"column":32},"end":{"line":483,"column":65}},"type":"cond-expr","locations":[{"start":{"line":483,"column":49},"end":{"line":483,"column":56}},{"start":{"line":483,"column":59},"end":{"line":483,"column":65}}],"line":483},"9":{"loc":{"start":{"line":489,"column":32},"end":{"line":489,"column":63}},"type":"cond-expr","locations":[{"start":{"line":489,"column":47},"end":{"line":489,"column":54}},{"start":{"line":489,"column":57},"end":{"line":489,"column":63}}],"line":489},"10":{"loc":{"start":{"line":495,"column":43},"end":{"line":495,"column":67}},"type":"cond-expr","locations":[{"start":{"line":495,"column":53},"end":{"line":495,"column":62}},{"start":{"line":495,"column":65},"end":{"line":495,"column":67}}],"line":495},"11":{"loc":{"start":{"line":510,"column":26},"end":{"line":510,"column":74}},"type":"cond-expr","locations":[{"start":{"line":510,"column":55},"end":{"line":510,"column":61}},{"start":{"line":510,"column":64},"end":{"line":510,"column":74}}],"line":510},"12":{"loc":{"start":{"line":524,"column":21},"end":{"line":524,"column":75}},"type":"cond-expr","locations":[{"start":{"line":524,"column":50},"end":{"line":524,"column":62}},{"start":{"line":524,"column":65},"end":{"line":524,"column":75}}],"line":524},"13":{"loc":{"start":{"line":528,"column":19},"end":{"line":528,"column":55}},"type":"cond-expr","locations":[{"start":{"line":528,"column":29},"end":{"line":528,"column":44}},{"start":{"line":528,"column":47},"end":{"line":528,"column":55}}],"line":528},"14":{"loc":{"start":{"line":545,"column":43},"end":{"line":545,"column":68}},"type":"cond-expr","locations":[{"start":{"line":545,"column":54},"end":{"line":545,"column":63}},{"start":{"line":545,"column":66},"end":{"line":545,"column":68}}],"line":545},"15":{"loc":{"start":{"line":616,"column":26},"end":{"line":616,"column":75}},"type":"cond-expr","locations":[{"start":{"line":616,"column":56},"end":{"line":616,"column":62}},{"start":{"line":616,"column":65},"end":{"line":616,"column":75}}],"line":616},"16":{"loc":{"start":{"line":630,"column":21},"end":{"line":630,"column":76}},"type":"cond-expr","locations":[{"start":{"line":630,"column":51},"end":{"line":630,"column":63}},{"start":{"line":630,"column":66},"end":{"line":630,"column":76}}],"line":630},"17":{"loc":{"start":{"line":636,"column":26},"end":{"line":636,"column":76}},"type":"cond-expr","locations":[{"start":{"line":636,"column":57},"end":{"line":636,"column":63}},{"start":{"line":636,"column":66},"end":{"line":636,"column":76}}],"line":636},"18":{"loc":{"start":{"line":649,"column":21},"end":{"line":649,"column":77}},"type":"cond-expr","locations":[{"start":{"line":649,"column":52},"end":{"line":649,"column":64}},{"start":{"line":649,"column":67},"end":{"line":649,"column":77}}],"line":649}},"s":{"0":1,"1":8,"2":8,"3":0,"4":8,"5":8,"6":8,"7":1,"8":47,"9":47,"10":47,"11":47,"12":47,"13":47,"14":47,"15":47,"16":47,"17":47,"18":47,"19":47,"20":47,"21":47,"22":47,"23":47,"24":47,"25":47,"26":47,"27":4,"28":4,"29":4,"30":47,"31":2,"32":2,"33":47,"34":1,"35":1,"36":1,"37":1,"38":1,"39":1,"40":1,"41":0,"42":0,"43":0,"44":0,"45":1,"46":1,"47":1,"48":47,"49":2,"50":2,"51":1,"52":1,"53":1,"54":1,"55":1,"56":1,"57":1,"58":1,"59":1,"60":1,"61":1,"62":1,"63":1,"64":1,"65":1,"66":1,"67":0,"68":0,"69":47,"70":0,"71":0,"72":0,"73":0,"74":0,"75":0,"76":0,"77":0,"78":0,"79":47,"80":0,"81":4,"82":2,"83":2,"84":2,"85":0,"86":0,"87":3,"88":3,"89":3,"90":3,"91":3,"92":3,"93":3,"94":0,"95":3,"96":0,"97":2},"f":{"0":8,"1":47,"2":4,"3":2,"4":2,"5":1,"6":2,"7":0,"8":0,"9":0,"10":4,"11":2,"12":2,"13":2,"14":0,"15":3,"16":3,"17":3,"18":3,"19":3,"20":3,"21":3,"22":0,"23":3,"24":0,"25":2},"b":{"0":[0,8],"1":[0,0],"2":[1,1],"3":[0,0],"4":[0,0],"5":[16,31],"6":[31,16],"7":[31,16],"8":[0,47],"9":[2,45],"10":[16,31],"11":[1,46],"12":[1,46],"13":[1,46],"14":[31,16],"15":[0,47],"16":[0,47],"17":[0,47],"18":[0,47]},"_coverageSchema":"1a1c01bbd47fc00a2c39e90264f33305004495a9","hash":"1368d2a898bd72577de8de9c5b5789364fad614c"}
,"C:\\Users\\marco\\OneDrive\\Área de Trabalho\\elodrinks-frontend\\src\\pages\\OptionalItemsList.tsx": {"path":"C:\\Users\\marco\\OneDrive\\Área de Trabalho\\elodrinks-frontend\\src\\pages\\OptionalItemsList.tsx","statementMap":{"0":{"start":{"line":5,"column":36},"end":{"line":5,"column":51}},"1":{"start":{"line":6,"column":44},"end":{"line":6,"column":72}},"2":{"start":{"line":7,"column":32},"end":{"line":7,"column":47}},"3":{"start":{"line":8,"column":50},"end":{"line":8,"column":70}},"4":{"start":{"line":10,"column":26},"end":{"line":33,"column":3}},"5":{"start":{"line":11,"column":4},"end":{"line":11,"column":34}},"6":{"start":{"line":12,"column":4},"end":{"line":12,"column":23}},"7":{"start":{"line":13,"column":4},"end":{"line":13,"column":21}},"8":{"start":{"line":14,"column":4},"end":{"line":32,"column":5}},"9":{"start":{"line":15,"column":23},"end":{"line":15,"column":62}},"10":{"start":{"line":17,"column":30},"end":{"line":26,"column":11}},"11":{"start":{"line":18,"column":31},"end":{"line":18,"column":57}},"12":{"start":{"line":19,"column":29},"end":{"line":26,"column":9}},"13":{"start":{"line":27,"column":6},"end":{"line":27,"column":40}},"14":{"start":{"line":29,"column":6},"end":{"line":29,"column":61}},"15":{"start":{"line":31,"column":6},"end":{"line":31,"column":24}},"16":{"start":{"line":35,"column":27},"end":{"line":39,"column":3}},"17":{"start":{"line":36,"column":4},"end":{"line":36,"column":24}},"18":{"start":{"line":37,"column":4},"end":{"line":37,"column":25}},"19":{"start":{"line":38,"column":4},"end":{"line":38,"column":28}},"20":{"start":{"line":41,"column":20},"end":{"line":56,"column":3}},"21":{"start":{"line":42,"column":23},"end":{"line":42,"column":75}},"22":{"start":{"line":44,"column":21},"end":{"line":48,"column":5}},"23":{"start":{"line":50,"column":4},"end":{"line":50,"column":30}},"24":{"start":{"line":51,"column":4},"end":{"line":51,"column":65}},"25":{"start":{"line":53,"column":4},"end":{"line":53,"column":58}},"26":{"start":{"line":55,"column":4},"end":{"line":55,"column":45}},"27":{"start":{"line":58,"column":2},"end":{"line":299,"column":4}},"28":{"start":{"line":72,"column":25},"end":{"line":72,"column":58}},"29":{"start":{"line":95,"column":25},"end":{"line":95,"column":62}},"30":{"start":{"line":156,"column":25},"end":{"line":156,"column":55}},"31":{"start":{"line":258,"column":28},"end":{"line":258,"column":47}},"32":{"start":{"line":274,"column":18},"end":{"line":291,"column":24}},"33":{"start":{"line":287,"column":37},"end":{"line":287,"column":52}}},"fnMap":{"0":{"name":"Cardapio","decl":{"start":{"line":4,"column":16},"end":{"line":4,"column":24}},"loc":{"start":{"line":4,"column":27},"end":{"line":300,"column":1}},"line":4},"1":{"name":"(anonymous_1)","decl":{"start":{"line":10,"column":26},"end":{"line":10,"column":27}},"loc":{"start":{"line":10,"column":54},"end":{"line":33,"column":3}},"line":10},"2":{"name":"(anonymous_2)","decl":{"start":{"line":18,"column":16},"end":{"line":18,"column":17}},"loc":{"start":{"line":18,"column":31},"end":{"line":18,"column":57}},"line":18},"3":{"name":"(anonymous_3)","decl":{"start":{"line":19,"column":13},"end":{"line":19,"column":14}},"loc":{"start":{"line":19,"column":29},"end":{"line":26,"column":9}},"line":19},"4":{"name":"(anonymous_4)","decl":{"start":{"line":35,"column":27},"end":{"line":35,"column":28}},"loc":{"start":{"line":35,"column":33},"end":{"line":39,"column":3}},"line":35},"5":{"name":"(anonymous_5)","decl":{"start":{"line":41,"column":20},"end":{"line":41,"column":21}},"loc":{"start":{"line":41,"column":44},"end":{"line":56,"column":3}},"line":41},"6":{"name":"(anonymous_6)","decl":{"start":{"line":72,"column":19},"end":{"line":72,"column":20}},"loc":{"start":{"line":72,"column":25},"end":{"line":72,"column":58}},"line":72},"7":{"name":"(anonymous_7)","decl":{"start":{"line":95,"column":19},"end":{"line":95,"column":20}},"loc":{"start":{"line":95,"column":25},"end":{"line":95,"column":62}},"line":95},"8":{"name":"(anonymous_8)","decl":{"start":{"line":156,"column":19},"end":{"line":156,"column":20}},"loc":{"start":{"line":156,"column":25},"end":{"line":156,"column":55}},"line":156},"9":{"name":"(anonymous_9)","decl":{"start":{"line":258,"column":21},"end":{"line":258,"column":22}},"loc":{"start":{"line":258,"column":28},"end":{"line":258,"column":47}},"line":258},"10":{"name":"(anonymous_10)","decl":{"start":{"line":273,"column":35},"end":{"line":273,"column":36}},"loc":{"start":{"line":274,"column":18},"end":{"line":291,"column":24}},"line":274},"11":{"name":"(anonymous_11)","decl":{"start":{"line":287,"column":31},"end":{"line":287,"column":32}},"loc":{"start":{"line":287,"column":37},"end":{"line":287,"column":52}},"line":287}},"branchMap":{"0":{"loc":{"start":{"line":42,"column":34},"end":{"line":42,"column":74}},"type":"binary-expr","locations":[{"start":{"line":42,"column":34},"end":{"line":42,"column":66}},{"start":{"line":42,"column":70},"end":{"line":42,"column":74}}],"line":42},"1":{"loc":{"start":{"line":249,"column":7},"end":{"line":297,"column":7}},"type":"binary-expr","locations":[{"start":{"line":249,"column":7},"end":{"line":249,"column":16}},{"start":{"line":250,"column":8},"end":{"line":296,"column":14}}],"line":249},"2":{"loc":{"start":{"line":269,"column":13},"end":{"line":294,"column":13}},"type":"cond-expr","locations":[{"start":{"line":270,"column":14},"end":{"line":270,"column":34}},{"start":{"line":272,"column":14},"end":{"line":293,"column":19}}],"line":269}},"s":{"0":15,"1":15,"2":15,"3":15,"4":15,"5":3,"6":3,"7":3,"8":3,"9":3,"10":3,"11":9,"12":4,"13":3,"14":0,"15":3,"16":15,"17":1,"18":1,"19":1,"20":15,"21":1,"22":1,"23":1,"24":1,"25":1,"26":1,"27":15,"28":2,"29":1,"30":0,"31":2,"32":4,"33":1},"f":{"0":15,"1":3,"2":9,"3":4,"4":1,"5":1,"6":2,"7":1,"8":0,"9":2,"10":4,"11":1},"b":{"0":[1,1],"1":[15,6],"2":[3,3]},"_coverageSchema":"1a1c01bbd47fc00a2c39e90264f33305004495a9","hash":"6ce638e751f5f49c1fbcbac919d1843250af9b72"}
,"C:\\Users\\marco\\OneDrive\\Área de Trabalho\\elodrinks-frontend\\src\\pages\\ServiceList.tsx": {"path":"C:\\Users\\marco\\OneDrive\\Área de Trabalho\\elodrinks-frontend\\src\\pages\\ServiceList.tsx","statementMap":{"0":{"start":{"line":5,"column":27},"end":{"line":19,"column":1}},"1":{"start":{"line":6,"column":2},"end":{"line":18,"column":6}},"2":{"start":{"line":6,"column":30},"end":{"line":18,"column":3}},"3":{"start":{"line":21,"column":20},"end":{"line":142,"column":1}},"4":{"start":{"line":22,"column":34},"end":{"line":22,"column":57}},"5":{"start":{"line":23,"column":32},"end":{"line":23,"column":46}},"6":{"start":{"line":24,"column":48},"end":{"line":24,"column":78}},"7":{"start":{"line":25,"column":2},"end":{"line":37,"column":9}},"8":{"start":{"line":26,"column":4},"end":{"line":36,"column":9}},"9":{"start":{"line":29,"column":8},"end":{"line":29,"column":48}},"10":{"start":{"line":32,"column":8},"end":{"line":32,"column":57}},"11":{"start":{"line":35,"column":8},"end":{"line":35,"column":26}},"12":{"start":{"line":39,"column":21},"end":{"line":41,"column":3}},"13":{"start":{"line":40,"column":4},"end":{"line":40,"column":29}},"14":{"start":{"line":43,"column":30},"end":{"line":51,"column":3}},"15":{"start":{"line":44,"column":25},"end":{"line":44,"column":77}},"16":{"start":{"line":45,"column":24},"end":{"line":45,"column":50}},"17":{"start":{"line":46,"column":4},"end":{"line":46,"column":66}},"18":{"start":{"line":48,"column":4},"end":{"line":48,"column":58}},"19":{"start":{"line":50,"column":4},"end":{"line":50,"column":45}},"20":{"start":{"line":53,"column":2},"end":{"line":53,"column":52}},"21":{"start":{"line":53,"column":15},"end":{"line":53,"column":52}},"22":{"start":{"line":55,"column":2},"end":{"line":141,"column":4}},"23":{"start":{"line":64,"column":30},"end":{"line":64,"column":45}},"24":{"start":{"line":65,"column":28},"end":{"line":65,"column":65}},"25":{"start":{"line":66,"column":28},"end":{"line":66,"column":63}},"26":{"start":{"line":68,"column":10},"end":{"line":85,"column":12}},"27":{"start":{"line":73,"column":29},"end":{"line":73,"column":56}},"28":{"start":{"line":94,"column":28},"end":{"line":94,"column":47}},"29":{"start":{"line":134,"column":29},"end":{"line":134,"column":65}}},"fnMap":{"0":{"name":"(anonymous_0)","decl":{"start":{"line":5,"column":27},"end":{"line":5,"column":28}},"loc":{"start":{"line":5,"column":59},"end":{"line":19,"column":1}},"line":5},"1":{"name":"(anonymous_1)","decl":{"start":{"line":6,"column":22},"end":{"line":6,"column":23}},"loc":{"start":{"line":6,"column":30},"end":{"line":18,"column":3}},"line":6},"2":{"name":"(anonymous_2)","decl":{"start":{"line":21,"column":20},"end":{"line":21,"column":21}},"loc":{"start":{"line":21,"column":26},"end":{"line":142,"column":1}},"line":21},"3":{"name":"(anonymous_3)","decl":{"start":{"line":25,"column":12},"end":{"line":25,"column":13}},"loc":{"start":{"line":25,"column":18},"end":{"line":37,"column":3}},"line":25},"4":{"name":"(anonymous_4)","decl":{"start":{"line":28,"column":12},"end":{"line":28,"column":13}},"loc":{"start":{"line":28,"column":26},"end":{"line":30,"column":7}},"line":28},"5":{"name":"(anonymous_5)","decl":{"start":{"line":31,"column":13},"end":{"line":31,"column":14}},"loc":{"start":{"line":31,"column":24},"end":{"line":33,"column":7}},"line":31},"6":{"name":"(anonymous_6)","decl":{"start":{"line":34,"column":15},"end":{"line":34,"column":16}},"loc":{"start":{"line":34,"column":21},"end":{"line":36,"column":7}},"line":34},"7":{"name":"(anonymous_7)","decl":{"start":{"line":39,"column":21},"end":{"line":39,"column":22}},"loc":{"start":{"line":39,"column":27},"end":{"line":41,"column":3}},"line":39},"8":{"name":"(anonymous_8)","decl":{"start":{"line":43,"column":30},"end":{"line":43,"column":31}},"loc":{"start":{"line":43,"column":52},"end":{"line":51,"column":3}},"line":43},"9":{"name":"(anonymous_9)","decl":{"start":{"line":63,"column":22},"end":{"line":63,"column":23}},"loc":{"start":{"line":63,"column":42},"end":{"line":86,"column":9}},"line":63},"10":{"name":"(anonymous_10)","decl":{"start":{"line":73,"column":23},"end":{"line":73,"column":24}},"loc":{"start":{"line":73,"column":29},"end":{"line":73,"column":56}},"line":73},"11":{"name":"(anonymous_11)","decl":{"start":{"line":94,"column":21},"end":{"line":94,"column":22}},"loc":{"start":{"line":94,"column":28},"end":{"line":94,"column":47}},"line":94},"12":{"name":"(anonymous_12)","decl":{"start":{"line":134,"column":23},"end":{"line":134,"column":24}},"loc":{"start":{"line":134,"column":29},"end":{"line":134,"column":65}},"line":134}},"branchMap":{"0":{"loc":{"start":{"line":14,"column":19},"end":{"line":14,"column":40}},"type":"binary-expr","locations":[{"start":{"line":14,"column":19},"end":{"line":14,"column":34}},{"start":{"line":14,"column":38},"end":{"line":14,"column":40}}],"line":14},"1":{"loc":{"start":{"line":44,"column":36},"end":{"line":44,"column":76}},"type":"binary-expr","locations":[{"start":{"line":44,"column":36},"end":{"line":44,"column":68}},{"start":{"line":44,"column":72},"end":{"line":44,"column":76}}],"line":44},"2":{"loc":{"start":{"line":53,"column":2},"end":{"line":53,"column":52}},"type":"if","locations":[{"start":{"line":53,"column":2},"end":{"line":53,"column":52}},{"start":{},"end":{}}],"line":53},"3":{"loc":{"start":{"line":66,"column":28},"end":{"line":66,"column":63}},"type":"cond-expr","locations":[{"start":{"line":66,"column":46},"end":{"line":66,"column":53}},{"start":{"line":66,"column":56},"end":{"line":66,"column":63}}],"line":66},"4":{"loc":{"start":{"line":90,"column":7},"end":{"line":139,"column":7}},"type":"binary-expr","locations":[{"start":{"line":90,"column":7},"end":{"line":90,"column":22}},{"start":{"line":91,"column":8},"end":{"line":138,"column":14}}],"line":90}},"s":{"0":1,"1":1,"2":2,"3":1,"4":0,"5":0,"6":0,"7":0,"8":0,"9":0,"10":0,"11":0,"12":0,"13":0,"14":0,"15":0,"16":0,"17":0,"18":0,"19":0,"20":0,"21":0,"22":0,"23":0,"24":0,"25":0,"26":0,"27":0,"28":0,"29":0},"f":{"0":1,"1":2,"2":0,"3":0,"4":0,"5":0,"6":0,"7":0,"8":0,"9":0,"10":0,"11":0,"12":0},"b":{"0":[2,1],"1":[0,0],"2":[0,0],"3":[0,0],"4":[0,0]},"_coverageSchema":"1a1c01bbd47fc00a2c39e90264f33305004495a9","hash":"44379aee398779dc6653efca57afdc93e8ebea0a"}
,"C:\\Users\\marco\\OneDrive\\Área de Trabalho\\elodrinks-frontend\\src\\services\\api.ts": {"path":"C:\\Users\\marco\\OneDrive\\Área de Trabalho\\elodrinks-frontend\\src\\services\\api.ts","statementMap":{"0":{"start":{"line":3,"column":21},"end":{"line":3,"column":61}},"1":{"start":{"line":5,"column":27},"end":{"line":10,"column":2}},"2":{"start":{"line":12,"column":0},"end":{"line":18,"column":37}},"3":{"start":{"line":13,"column":16},"end":{"line":13,"column":45}},"4":{"start":{"line":14,"column":2},"end":{"line":16,"column":3}},"5":{"start":{"line":15,"column":4},"end":{"line":15,"column":53}},"6":{"start":{"line":17,"column":2},"end":{"line":17,"column":16}},"7":{"start":{"line":18,"column":14},"end":{"line":18,"column":35}},"8":{"start":{"line":20,"column":0},"end":{"line":29,"column":2}},"9":{"start":{"line":21,"column":16},"end":{"line":21,"column":24}},"10":{"start":{"line":23,"column":4},"end":{"line":26,"column":5}},"11":{"start":{"line":24,"column":6},"end":{"line":24,"column":39}},"12":{"start":{"line":25,"column":6},"end":{"line":25,"column":38}},"13":{"start":{"line":27,"column":4},"end":{"line":27,"column":33}},"14":{"start":{"line":108,"column":25},"end":{"line":119,"column":1}},"15":{"start":{"line":109,"column":51},"end":{"line":109,"column":78}},"16":{"start":{"line":112,"column":4},"end":{"line":112,"column":37}},"17":{"start":{"line":115,"column":4},"end":{"line":115,"column":41}},"18":{"start":{"line":118,"column":4},"end":{"line":118,"column":41}},"19":{"start":{"line":121,"column":23},"end":{"line":127,"column":1}},"20":{"start":{"line":122,"column":48},"end":{"line":122,"column":65}},"21":{"start":{"line":123,"column":56},"end":{"line":123,"column":79}},"22":{"start":{"line":125,"column":4},"end":{"line":125,"column":33}},"23":{"start":{"line":126,"column":49},"end":{"line":126,"column":75}},"24":{"start":{"line":129,"column":26},"end":{"line":137,"column":1}},"25":{"start":{"line":130,"column":54},"end":{"line":130,"column":74}},"26":{"start":{"line":131,"column":63},"end":{"line":131,"column":90}},"27":{"start":{"line":133,"column":4},"end":{"line":133,"column":31}},"28":{"start":{"line":135,"column":4},"end":{"line":135,"column":37}},"29":{"start":{"line":136,"column":53},"end":{"line":136,"column":83}},"30":{"start":{"line":139,"column":27},"end":{"line":148,"column":1}},"31":{"start":{"line":140,"column":64},"end":{"line":140,"column":90}},"32":{"start":{"line":142,"column":4},"end":{"line":142,"column":37}},"33":{"start":{"line":144,"column":4},"end":{"line":144,"column":37}},"34":{"start":{"line":146,"column":4},"end":{"line":146,"column":43}},"35":{"start":{"line":147,"column":58},"end":{"line":147,"column":94}}},"fnMap":{"0":{"name":"(anonymous_0)","decl":{"start":{"line":12,"column":29},"end":{"line":12,"column":30}},"loc":{"start":{"line":12,"column":41},"end":{"line":18,"column":1}},"line":12},"1":{"name":"(anonymous_1)","decl":{"start":{"line":18,"column":3},"end":{"line":18,"column":4}},"loc":{"start":{"line":18,"column":14},"end":{"line":18,"column":35}},"line":18},"2":{"name":"(anonymous_2)","decl":{"start":{"line":21,"column":2},"end":{"line":21,"column":3}},"loc":{"start":{"line":21,"column":16},"end":{"line":21,"column":24}},"line":21},"3":{"name":"(anonymous_3)","decl":{"start":{"line":22,"column":2},"end":{"line":22,"column":3}},"loc":{"start":{"line":22,"column":13},"end":{"line":28,"column":3}},"line":22},"4":{"name":"(anonymous_4)","decl":{"start":{"line":109,"column":15},"end":{"line":109,"column":16}},"loc":{"start":{"line":109,"column":51},"end":{"line":109,"column":78}},"line":109},"5":{"name":"(anonymous_5)","decl":{"start":{"line":111,"column":15},"end":{"line":111,"column":16}},"loc":{"start":{"line":112,"column":4},"end":{"line":112,"column":37}},"line":112},"6":{"name":"(anonymous_6)","decl":{"start":{"line":114,"column":16},"end":{"line":114,"column":17}},"loc":{"start":{"line":115,"column":4},"end":{"line":115,"column":41}},"line":115},"7":{"name":"(anonymous_7)","decl":{"start":{"line":117,"column":13},"end":{"line":117,"column":14}},"loc":{"start":{"line":118,"column":4},"end":{"line":118,"column":41}},"line":118},"8":{"name":"(anonymous_8)","decl":{"start":{"line":122,"column":15},"end":{"line":122,"column":16}},"loc":{"start":{"line":122,"column":48},"end":{"line":122,"column":65}},"line":122},"9":{"name":"(anonymous_9)","decl":{"start":{"line":123,"column":15},"end":{"line":123,"column":16}},"loc":{"start":{"line":123,"column":56},"end":{"line":123,"column":79}},"line":123},"10":{"name":"(anonymous_10)","decl":{"start":{"line":124,"column":18},"end":{"line":124,"column":19}},"loc":{"start":{"line":125,"column":4},"end":{"line":125,"column":33}},"line":125},"11":{"name":"(anonymous_11)","decl":{"start":{"line":126,"column":18},"end":{"line":126,"column":19}},"loc":{"start":{"line":126,"column":49},"end":{"line":126,"column":75}},"line":126},"12":{"name":"(anonymous_12)","decl":{"start":{"line":130,"column":18},"end":{"line":130,"column":19}},"loc":{"start":{"line":130,"column":54},"end":{"line":130,"column":74}},"line":130},"13":{"name":"(anonymous_13)","decl":{"start":{"line":131,"column":18},"end":{"line":131,"column":19}},"loc":{"start":{"line":131,"column":63},"end":{"line":131,"column":90}},"line":131},"14":{"name":"(anonymous_14)","decl":{"start":{"line":132,"column":17},"end":{"line":132,"column":18}},"loc":{"start":{"line":133,"column":4},"end":{"line":133,"column":31}},"line":133},"15":{"name":"(anonymous_15)","decl":{"start":{"line":134,"column":21},"end":{"line":134,"column":22}},"loc":{"start":{"line":135,"column":4},"end":{"line":135,"column":37}},"line":135},"16":{"name":"(anonymous_16)","decl":{"start":{"line":136,"column":21},"end":{"line":136,"column":22}},"loc":{"start":{"line":136,"column":53},"end":{"line":136,"column":83}},"line":136},"17":{"name":"(anonymous_17)","decl":{"start":{"line":140,"column":23},"end":{"line":140,"column":24}},"loc":{"start":{"line":140,"column":64},"end":{"line":140,"column":90}},"line":140},"18":{"name":"(anonymous_18)","decl":{"start":{"line":141,"column":23},"end":{"line":141,"column":24}},"loc":{"start":{"line":142,"column":4},"end":{"line":142,"column":37}},"line":142},"19":{"name":"(anonymous_19)","decl":{"start":{"line":143,"column":22},"end":{"line":143,"column":23}},"loc":{"start":{"line":144,"column":4},"end":{"line":144,"column":37}},"line":144},"20":{"name":"(anonymous_20)","decl":{"start":{"line":145,"column":26},"end":{"line":145,"column":27}},"loc":{"start":{"line":146,"column":4},"end":{"line":146,"column":43}},"line":146},"21":{"name":"(anonymous_21)","decl":{"start":{"line":147,"column":26},"end":{"line":147,"column":27}},"loc":{"start":{"line":147,"column":58},"end":{"line":147,"column":94}},"line":147}},"branchMap":{"0":{"loc":{"start":{"line":14,"column":2},"end":{"line":16,"column":3}},"type":"if","locations":[{"start":{"line":14,"column":2},"end":{"line":16,"column":3}},{"start":{},"end":{}}],"line":14},"1":{"loc":{"start":{"line":14,"column":6},"end":{"line":14,"column":62}},"type":"binary-expr","locations":[{"start":{"line":14,"column":6},"end":{"line":14,"column":11}},{"start":{"line":14,"column":15},"end":{"line":14,"column":25}},{"start":{"line":14,"column":29},"end":{"line":14,"column":62}}],"line":14},"2":{"loc":{"start":{"line":23,"column":4},"end":{"line":26,"column":5}},"type":"if","locations":[{"start":{"line":23,"column":4},"end":{"line":26,"column":5}},{"start":{},"end":{}}],"line":23}},"s":{"0":2,"1":2,"2":2,"3":0,"4":0,"5":0,"6":0,"7":0,"8":2,"9":0,"10":0,"11":0,"12":0,"13":0,"14":2,"15":0,"16":0,"17":0,"18":0,"19":2,"20":0,"21":0,"22":0,"23":0,"24":2,"25":0,"26":0,"27":0,"28":0,"29":0,"30":2,"31":0,"32":0,"33":0,"34":0,"35":0},"f":{"0":0,"1":0,"2":0,"3":0,"4":0,"5":0,"6":0,"7":0,"8":0,"9":0,"10":0,"11":0,"12":0,"13":0,"14":0,"15":0,"16":0,"17":0,"18":0,"19":0,"20":0,"21":0},"b":{"0":[0,0],"1":[0,0,0],"2":[0,0]},"_coverageSchema":"1a1c01bbd47fc00a2c39e90264f33305004495a9","hash":"2466e144090840e77dca4f26599a3c689227606b"}
}
