{"C:\\Users\\marco\\OneDrive\\Área de Trabalho\\elodrinks-frontend\\src\\pages\\Login.tsx": {"path":"C:\\Users\\marco\\OneDrive\\Área de Trabalho\\elodrinks-frontend\\src\\pages\\Login.tsx","statementMap":{"0":{"start":{"line":20,"column":16},"end":{"line":20,"column":45}},"1":{"start":{"line":21,"column":2},"end":{"line":21,"column":38}},"2":{"start":{"line":21,"column":13},"end":{"line":21,"column":38}},"3":{"start":{"line":22,"column":28},"end":{"line":34,"column":3}},"4":{"start":{"line":35,"column":2},"end":{"line":35,"column":59}},"5":{"start":{"line":36,"column":2},"end":{"line":36,"column":19}},"6":{"start":{"line":40,"column":14},"end":{"line":183,"column":1}},"7":{"start":{"line":185,"column":24},"end":{"line":677,"column":1}},"8":{"start":{"line":186,"column":32},"end":{"line":186,"column":46}},"9":{"start":{"line":187,"column":42},"end":{"line":190,"column":4}},"10":{"start":{"line":191,"column":46},"end":{"line":191,"column":58}},"11":{"start":{"line":192,"column":42},"end":{"line":192,"column":54}},"12":{"start":{"line":193,"column":38},"end":{"line":193,"column":50}},"13":{"start":{"line":194,"column":44},"end":{"line":194,"column":56}},"14":{"start":{"line":195,"column":38},"end":{"line":195,"column":50}},"15":{"start":{"line":196,"column":40},"end":{"line":196,"column":52}},"16":{"start":{"line":197,"column":44},"end":{"line":197,"column":56}},"17":{"start":{"line":198,"column":36},"end":{"line":198,"column":48}},"18":{"start":{"line":199,"column":36},"end":{"line":199,"column":48}},"19":{"start":{"line":200,"column":40},"end":{"line":200,"column":52}},"20":{"start":{"line":201,"column":46},"end":{"line":201,"column":58}},"21":{"start":{"line":202,"column":60},"end":{"line":202,"column":72}},"22":{"start":{"line":203,"column":38},"end":{"line":203,"column":54}},"23":{"start":{"line":204,"column":18},"end":{"line":204,"column":51}},"24":{"start":{"line":205,"column":19},"end":{"line":205,"column":32}},"25":{"start":{"line":206,"column":32},"end":{"line":206,"column":47}},"26":{"start":{"line":208,"column":23},"end":{"line":212,"column":3}},"27":{"start":{"line":209,"column":4},"end":{"line":209,"column":22}},"28":{"start":{"line":210,"column":4},"end":{"line":210,"column":26}},"29":{"start":{"line":211,"column":4},"end":{"line":211,"column":24}},"30":{"start":{"line":214,"column":29},"end":{"line":219,"column":3}},"31":{"start":{"line":215,"column":4},"end":{"line":218,"column":8}},"32":{"start":{"line":215,"column":31},"end":{"line":218,"column":5}},"33":{"start":{"line":221,"column":22},"end":{"line":243,"column":3}},"34":{"start":{"line":222,"column":4},"end":{"line":222,"column":23}},"35":{"start":{"line":223,"column":4},"end":{"line":223,"column":21}},"36":{"start":{"line":224,"column":4},"end":{"line":242,"column":5}},"37":{"start":{"line":225,"column":23},"end":{"line":228,"column":8}},"38":{"start":{"line":230,"column":24},"end":{"line":230,"column":37}},"39":{"start":{"line":231,"column":6},"end":{"line":231,"column":43}},"40":{"start":{"line":232,"column":27},"end":{"line":232,"column":61}},"41":{"start":{"line":234,"column":6},"end":{"line":234,"column":26}},"42":{"start":{"line":235,"column":6},"end":{"line":236,"column":29}},"43":{"start":{"line":235,"column":41},"end":{"line":235,"column":61}},"44":{"start":{"line":236,"column":11},"end":{"line":236,"column":29}},"45":{"start":{"line":238,"column":6},"end":{"line":238,"column":52}},"46":{"start":{"line":239,"column":6},"end":{"line":239,"column":28}},"47":{"start":{"line":241,"column":6},"end":{"line":241,"column":24}},"48":{"start":{"line":245,"column":23},"end":{"line":290,"column":3}},"49":{"start":{"line":246,"column":4},"end":{"line":246,"column":23}},"50":{"start":{"line":248,"column":4},"end":{"line":251,"column":5}},"51":{"start":{"line":249,"column":6},"end":{"line":249,"column":50}},"52":{"start":{"line":250,"column":6},"end":{"line":250,"column":13}},"53":{"start":{"line":253,"column":4},"end":{"line":289,"column":5}},"54":{"start":{"line":254,"column":22},"end":{"line":263,"column":7}},"55":{"start":{"line":265,"column":6},"end":{"line":265,"column":44}},"56":{"start":{"line":267,"column":6},"end":{"line":269,"column":8}},"57":{"start":{"line":270,"column":6},"end":{"line":270,"column":26}},"58":{"start":{"line":273,"column":6},"end":{"line":273,"column":24}},"59":{"start":{"line":274,"column":6},"end":{"line":274,"column":27}},"60":{"start":{"line":275,"column":6},"end":{"line":275,"column":23}},"61":{"start":{"line":276,"column":6},"end":{"line":276,"column":23}},"62":{"start":{"line":277,"column":6},"end":{"line":277,"column":25}},"63":{"start":{"line":278,"column":6},"end":{"line":278,"column":25}},"64":{"start":{"line":279,"column":6},"end":{"line":279,"column":28}},"65":{"start":{"line":280,"column":6},"end":{"line":280,"column":35}},"66":{"start":{"line":283,"column":6},"end":{"line":283,"column":20}},"67":{"start":{"line":285,"column":6},"end":{"line":287,"column":8}},"68":{"start":{"line":288,"column":6},"end":{"line":288,"column":28}},"69":{"start":{"line":292,"column":31},"end":{"line":304,"column":3}},"70":{"start":{"line":293,"column":18},"end":{"line":293,"column":71}},"71":{"start":{"line":294,"column":4},"end":{"line":303,"column":5}},"72":{"start":{"line":295,"column":19},"end":{"line":295,"column":55}},"73":{"start":{"line":295,"column":37},"end":{"line":295,"column":54}},"74":{"start":{"line":296,"column":6},"end":{"line":302,"column":7}},"75":{"start":{"line":297,"column":8},"end":{"line":297,"column":80}},"76":{"start":{"line":298,"column":8},"end":{"line":298,"column":28}},"77":{"start":{"line":300,"column":8},"end":{"line":300,"column":49}},"78":{"start":{"line":301,"column":8},"end":{"line":301,"column":30}},"79":{"start":{"line":306,"column":2},"end":{"line":676,"column":4}},"80":{"start":{"line":467,"column":31},"end":{"line":467,"column":49}},"81":{"start":{"line":474,"column":31},"end":{"line":474,"column":50}},"82":{"start":{"line":504,"column":37},"end":{"line":504,"column":66}},"83":{"start":{"line":515,"column":37},"end":{"line":515,"column":69}},"84":{"start":{"line":522,"column":35},"end":{"line":522,"column":70}},"85":{"start":{"line":535,"column":20},"end":{"line":535,"column":39}},"86":{"start":{"line":536,"column":20},"end":{"line":536,"column":43}},"87":{"start":{"line":555,"column":37},"end":{"line":555,"column":66}},"88":{"start":{"line":566,"column":37},"end":{"line":566,"column":69}},"89":{"start":{"line":577,"column":37},"end":{"line":577,"column":65}},"90":{"start":{"line":588,"column":37},"end":{"line":588,"column":65}},"91":{"start":{"line":599,"column":37},"end":{"line":599,"column":67}},"92":{"start":{"line":610,"column":37},"end":{"line":610,"column":67}},"93":{"start":{"line":622,"column":37},"end":{"line":622,"column":70}},"94":{"start":{"line":628,"column":35},"end":{"line":628,"column":71}},"95":{"start":{"line":641,"column":37},"end":{"line":641,"column":77}},"96":{"start":{"line":647,"column":35},"end":{"line":647,"column":72}},"97":{"start":{"line":657,"column":37},"end":{"line":657,"column":66}}},"fnMap":{"0":{"name":"getInitialUsers","decl":{"start":{"line":19,"column":9},"end":{"line":19,"column":24}},"loc":{"start":{"line":19,"column":35},"end":{"line":37,"column":1}},"line":19},"1":{"name":"(anonymous_1)","decl":{"start":{"line":185,"column":24},"end":{"line":185,"column":25}},"loc":{"start":{"line":185,"column":30},"end":{"line":677,"column":1}},"line":185},"2":{"name":"(anonymous_2)","decl":{"start":{"line":208,"column":23},"end":{"line":208,"column":24}},"loc":{"start":{"line":208,"column":43},"end":{"line":212,"column":3}},"line":208},"3":{"name":"(anonymous_3)","decl":{"start":{"line":214,"column":29},"end":{"line":214,"column":30}},"loc":{"start":{"line":214,"column":48},"end":{"line":219,"column":3}},"line":214},"4":{"name":"(anonymous_4)","decl":{"start":{"line":215,"column":20},"end":{"line":215,"column":21}},"loc":{"start":{"line":215,"column":31},"end":{"line":218,"column":5}},"line":215},"5":{"name":"(anonymous_5)","decl":{"start":{"line":221,"column":22},"end":{"line":221,"column":23}},"loc":{"start":{"line":221,"column":52},"end":{"line":243,"column":3}},"line":221},"6":{"name":"(anonymous_6)","decl":{"start":{"line":245,"column":23},"end":{"line":245,"column":24}},"loc":{"start":{"line":245,"column":53},"end":{"line":290,"column":3}},"line":245},"7":{"name":"(anonymous_7)","decl":{"start":{"line":292,"column":31},"end":{"line":292,"column":32}},"loc":{"start":{"line":292,"column":37},"end":{"line":304,"column":3}},"line":292},"8":{"name":"(anonymous_8)","decl":{"start":{"line":295,"column":30},"end":{"line":295,"column":31}},"loc":{"start":{"line":295,"column":37},"end":{"line":295,"column":54}},"line":295},"9":{"name":"(anonymous_9)","decl":{"start":{"line":467,"column":25},"end":{"line":467,"column":26}},"loc":{"start":{"line":467,"column":31},"end":{"line":467,"column":49}},"line":467},"10":{"name":"(anonymous_10)","decl":{"start":{"line":474,"column":25},"end":{"line":474,"column":26}},"loc":{"start":{"line":474,"column":31},"end":{"line":474,"column":50}},"line":474},"11":{"name":"(anonymous_11)","decl":{"start":{"line":504,"column":30},"end":{"line":504,"column":31}},"loc":{"start":{"line":504,"column":37},"end":{"line":504,"column":66}},"line":504},"12":{"name":"(anonymous_12)","decl":{"start":{"line":515,"column":30},"end":{"line":515,"column":31}},"loc":{"start":{"line":515,"column":37},"end":{"line":515,"column":69}},"line":515},"13":{"name":"(anonymous_13)","decl":{"start":{"line":522,"column":29},"end":{"line":522,"column":30}},"loc":{"start":{"line":522,"column":35},"end":{"line":522,"column":70}},"line":522},"14":{"name":"(anonymous_14)","decl":{"start":{"line":534,"column":27},"end":{"line":534,"column":28}},"loc":{"start":{"line":534,"column":34},"end":{"line":537,"column":19}},"line":534},"15":{"name":"(anonymous_15)","decl":{"start":{"line":555,"column":30},"end":{"line":555,"column":31}},"loc":{"start":{"line":555,"column":37},"end":{"line":555,"column":66}},"line":555},"16":{"name":"(anonymous_16)","decl":{"start":{"line":566,"column":30},"end":{"line":566,"column":31}},"loc":{"start":{"line":566,"column":37},"end":{"line":566,"column":69}},"line":566},"17":{"name":"(anonymous_17)","decl":{"start":{"line":577,"column":30},"end":{"line":577,"column":31}},"loc":{"start":{"line":577,"column":37},"end":{"line":577,"column":65}},"line":577},"18":{"name":"(anonymous_18)","decl":{"start":{"line":588,"column":30},"end":{"line":588,"column":31}},"loc":{"start":{"line":588,"column":37},"end":{"line":588,"column":65}},"line":588},"19":{"name":"(anonymous_19)","decl":{"start":{"line":599,"column":30},"end":{"line":599,"column":31}},"loc":{"start":{"line":599,"column":37},"end":{"line":599,"column":67}},"line":599},"20":{"name":"(anonymous_20)","decl":{"start":{"line":610,"column":30},"end":{"line":610,"column":31}},"loc":{"start":{"line":610,"column":37},"end":{"line":610,"column":67}},"line":610},"21":{"name":"(anonymous_21)","decl":{"start":{"line":622,"column":30},"end":{"line":622,"column":31}},"loc":{"start":{"line":622,"column":37},"end":{"line":622,"column":70}},"line":622},"22":{"name":"(anonymous_22)","decl":{"start":{"line":628,"column":29},"end":{"line":628,"column":30}},"loc":{"start":{"line":628,"column":35},"end":{"line":628,"column":71}},"line":628},"23":{"name":"(anonymous_23)","decl":{"start":{"line":641,"column":30},"end":{"line":641,"column":31}},"loc":{"start":{"line":641,"column":37},"end":{"line":641,"column":77}},"line":641},"24":{"name":"(anonymous_24)","decl":{"start":{"line":647,"column":29},"end":{"line":647,"column":30}},"loc":{"start":{"line":647,"column":35},"end":{"line":647,"column":72}},"line":647},"25":{"name":"(anonymous_25)","decl":{"start":{"line":657,"column":30},"end":{"line":657,"column":31}},"loc":{"start":{"line":657,"column":37},"end":{"line":657,"column":66}},"line":657}},"branchMap":{"0":{"loc":{"start":{"line":21,"column":2},"end":{"line":21,"column":38}},"type":"if","locations":[{"start":{"line":21,"column":2},"end":{"line":21,"column":38}},{"start":{},"end":{}}],"line":21},"1":{"loc":{"start":{"line":235,"column":6},"end":{"line":236,"column":29}},"type":"if","locations":[{"start":{"line":235,"column":6},"end":{"line":236,"column":29}},{"start":{"line":236,"column":11},"end":{"line":236,"column":29}}],"line":235},"2":{"loc":{"start":{"line":248,"column":4},"end":{"line":251,"column":5}},"type":"if","locations":[{"start":{"line":248,"column":4},"end":{"line":251,"column":5}},{"start":{},"end":{}}],"line":248},"3":{"loc":{"start":{"line":294,"column":4},"end":{"line":303,"column":5}},"type":"if","locations":[{"start":{"line":294,"column":4},"end":{"line":303,"column":5}},{"start":{},"end":{}}],"line":294},"4":{"loc":{"start":{"line":296,"column":6},"end":{"line":302,"column":7}},"type":"if","locations":[{"start":{"line":296,"column":6},"end":{"line":302,"column":7}},{"start":{"line":299,"column":13},"end":{"line":302,"column":7}}],"line":296},"5":{"loc":{"start":{"line":466,"column":40},"end":{"line":466,"column":64}},"type":"cond-expr","locations":[{"start":{"line":466,"column":50},"end":{"line":466,"column":59}},{"start":{"line":466,"column":62},"end":{"line":466,"column":64}}],"line":466},"6":{"loc":{"start":{"line":473,"column":40},"end":{"line":473,"column":65}},"type":"cond-expr","locations":[{"start":{"line":473,"column":51},"end":{"line":473,"column":60}},{"start":{"line":473,"column":63},"end":{"line":473,"column":65}}],"line":473},"7":{"loc":{"start":{"line":478,"column":46},"end":{"line":478,"column":71}},"type":"cond-expr","locations":[{"start":{"line":478,"column":57},"end":{"line":478,"column":66}},{"start":{"line":478,"column":69},"end":{"line":478,"column":71}}],"line":478},"8":{"loc":{"start":{"line":483,"column":32},"end":{"line":483,"column":65}},"type":"cond-expr","locations":[{"start":{"line":483,"column":49},"end":{"line":483,"column":56}},{"start":{"line":483,"column":59},"end":{"line":483,"column":65}}],"line":483},"9":{"loc":{"start":{"line":489,"column":32},"end":{"line":489,"column":63}},"type":"cond-expr","locations":[{"start":{"line":489,"column":47},"end":{"line":489,"column":54}},{"start":{"line":489,"column":57},"end":{"line":489,"column":63}}],"line":489},"10":{"loc":{"start":{"line":495,"column":43},"end":{"line":495,"column":67}},"type":"cond-expr","locations":[{"start":{"line":495,"column":53},"end":{"line":495,"column":62}},{"start":{"line":495,"column":65},"end":{"line":495,"column":67}}],"line":495},"11":{"loc":{"start":{"line":510,"column":26},"end":{"line":510,"column":74}},"type":"cond-expr","locations":[{"start":{"line":510,"column":55},"end":{"line":510,"column":61}},{"start":{"line":510,"column":64},"end":{"line":510,"column":74}}],"line":510},"12":{"loc":{"start":{"line":524,"column":21},"end":{"line":524,"column":75}},"type":"cond-expr","locations":[{"start":{"line":524,"column":50},"end":{"line":524,"column":62}},{"start":{"line":524,"column":65},"end":{"line":524,"column":75}}],"line":524},"13":{"loc":{"start":{"line":528,"column":19},"end":{"line":528,"column":55}},"type":"cond-expr","locations":[{"start":{"line":528,"column":29},"end":{"line":528,"column":44}},{"start":{"line":528,"column":47},"end":{"line":528,"column":55}}],"line":528},"14":{"loc":{"start":{"line":545,"column":43},"end":{"line":545,"column":68}},"type":"cond-expr","locations":[{"start":{"line":545,"column":54},"end":{"line":545,"column":63}},{"start":{"line":545,"column":66},"end":{"line":545,"column":68}}],"line":545},"15":{"loc":{"start":{"line":616,"column":26},"end":{"line":616,"column":75}},"type":"cond-expr","locations":[{"start":{"line":616,"column":56},"end":{"line":616,"column":62}},{"start":{"line":616,"column":65},"end":{"line":616,"column":75}}],"line":616},"16":{"loc":{"start":{"line":630,"column":21},"end":{"line":630,"column":76}},"type":"cond-expr","locations":[{"start":{"line":630,"column":51},"end":{"line":630,"column":63}},{"start":{"line":630,"column":66},"end":{"line":630,"column":76}}],"line":630},"17":{"loc":{"start":{"line":636,"column":26},"end":{"line":636,"column":76}},"type":"cond-expr","locations":[{"start":{"line":636,"column":57},"end":{"line":636,"column":63}},{"start":{"line":636,"column":66},"end":{"line":636,"column":76}}],"line":636},"18":{"loc":{"start":{"line":649,"column":21},"end":{"line":649,"column":77}},"type":"cond-expr","locations":[{"start":{"line":649,"column":52},"end":{"line":649,"column":64}},{"start":{"line":649,"column":67},"end":{"line":649,"column":77}}],"line":649}},"s":{"0":8,"1":8,"2":0,"3":8,"4":8,"5":8,"6":1,"7":1,"8":47,"9":47,"10":47,"11":47,"12":47,"13":47,"14":47,"15":47,"16":47,"17":47,"18":47,"19":47,"20":47,"21":47,"22":47,"23":47,"24":47,"25":47,"26":47,"27":4,"28":4,"29":4,"30":47,"31":2,"32":2,"33":47,"34":1,"35":1,"36":1,"37":1,"38":1,"39":1,"40":1,"41":0,"42":0,"43":0,"44":0,"45":1,"46":1,"47":1,"48":47,"49":2,"50":2,"51":1,"52":1,"53":1,"54":1,"55":1,"56":1,"57":1,"58":1,"59":1,"60":1,"61":1,"62":1,"63":1,"64":1,"65":1,"66":1,"67":0,"68":0,"69":47,"70":0,"71":0,"72":0,"73":0,"74":0,"75":0,"76":0,"77":0,"78":0,"79":47,"80":0,"81":4,"82":2,"83":2,"84":2,"85":0,"86":0,"87":3,"88":3,"89":3,"90":3,"91":3,"92":3,"93":3,"94":0,"95":3,"96":0,"97":2},"f":{"0":8,"1":47,"2":4,"3":2,"4":2,"5":1,"6":2,"7":0,"8":0,"9":0,"10":4,"11":2,"12":2,"13":2,"14":0,"15":3,"16":3,"17":3,"18":3,"19":3,"20":3,"21":3,"22":0,"23":3,"24":0,"25":2},"b":{"0":[0,8],"1":[0,0],"2":[1,1],"3":[0,0],"4":[0,0],"5":[16,31],"6":[31,16],"7":[31,16],"8":[0,47],"9":[2,45],"10":[16,31],"11":[1,46],"12":[1,46],"13":[1,46],"14":[31,16],"15":[0,47],"16":[0,47],"17":[0,47],"18":[0,47]},"_coverageSchema":"1a1c01bbd47fc00a2c39e90264f33305004495a9","hash":"179023dc8f2659b966aededa8c93b4797c1f814d"}
,"C:\\Users\\marco\\OneDrive\\Área de Trabalho\\elodrinks-frontend\\src\\pages\\OptionalItemsList.tsx": {"path":"C:\\Users\\marco\\OneDrive\\Área de Trabalho\\elodrinks-frontend\\src\\pages\\OptionalItemsList.tsx","statementMap":{"0":{"start":{"line":5,"column":36},"end":{"line":5,"column":51}},"1":{"start":{"line":6,"column":44},"end":{"line":6,"column":72}},"2":{"start":{"line":7,"column":32},"end":{"line":7,"column":47}},"3":{"start":{"line":9,"column":26},"end":{"line":27,"column":3}},"4":{"start":{"line":10,"column":4},"end":{"line":10,"column":23}},"5":{"start":{"line":11,"column":4},"end":{"line":11,"column":21}},"6":{"start":{"line":12,"column":4},"end":{"line":26,"column":5}},"7":{"start":{"line":13,"column":23},"end":{"line":13,"column":62}},"8":{"start":{"line":14,"column":30},"end":{"line":20,"column":9}},"9":{"start":{"line":14,"column":64},"end":{"line":20,"column":7}},"10":{"start":{"line":21,"column":6},"end":{"line":21,"column":40}},"11":{"start":{"line":23,"column":6},"end":{"line":23,"column":61}},"12":{"start":{"line":25,"column":6},"end":{"line":25,"column":24}},"13":{"start":{"line":29,"column":27},"end":{"line":32,"column":3}},"14":{"start":{"line":30,"column":4},"end":{"line":30,"column":24}},"15":{"start":{"line":31,"column":4},"end":{"line":31,"column":25}},"16":{"start":{"line":34,"column":2},"end":{"line":229,"column":4}},"17":{"start":{"line":189,"column":28},"end":{"line":189,"column":47}},"18":{"start":{"line":205,"column":18},"end":{"line":221,"column":24}}},"fnMap":{"0":{"name":"Cardapio","decl":{"start":{"line":4,"column":16},"end":{"line":4,"column":24}},"loc":{"start":{"line":4,"column":27},"end":{"line":230,"column":1}},"line":4},"1":{"name":"(anonymous_1)","decl":{"start":{"line":9,"column":26},"end":{"line":9,"column":27}},"loc":{"start":{"line":9,"column":38},"end":{"line":27,"column":3}},"line":9},"2":{"name":"(anonymous_2)","decl":{"start":{"line":14,"column":48},"end":{"line":14,"column":49}},"loc":{"start":{"line":14,"column":64},"end":{"line":20,"column":7}},"line":14},"3":{"name":"(anonymous_3)","decl":{"start":{"line":29,"column":27},"end":{"line":29,"column":28}},"loc":{"start":{"line":29,"column":33},"end":{"line":32,"column":3}},"line":29},"4":{"name":"(anonymous_4)","decl":{"start":{"line":189,"column":21},"end":{"line":189,"column":22}},"loc":{"start":{"line":189,"column":28},"end":{"line":189,"column":47}},"line":189},"5":{"name":"(anonymous_5)","decl":{"start":{"line":204,"column":35},"end":{"line":204,"column":36}},"loc":{"start":{"line":205,"column":18},"end":{"line":221,"column":24}},"line":205}},"branchMap":{"0":{"loc":{"start":{"line":180,"column":7},"end":{"line":227,"column":7}},"type":"binary-expr","locations":[{"start":{"line":180,"column":7},"end":{"line":180,"column":16}},{"start":{"line":181,"column":8},"end":{"line":226,"column":14}}],"line":180},"1":{"loc":{"start":{"line":200,"column":13},"end":{"line":224,"column":13}},"type":"cond-expr","locations":[{"start":{"line":201,"column":14},"end":{"line":201,"column":34}},{"start":{"line":203,"column":14},"end":{"line":223,"column":19}}],"line":200}},"s":{"0":10,"1":10,"2":10,"3":10,"4":3,"5":3,"6":3,"7":3,"8":2,"9":4,"10":2,"11":1,"12":3,"13":10,"14":1,"15":1,"16":10,"17":1,"18":4},"f":{"0":10,"1":3,"2":4,"3":1,"4":1,"5":4},"b":{"0":[10,6],"1":[3,3]},"_coverageSchema":"1a1c01bbd47fc00a2c39e90264f33305004495a9","hash":"bc591a9468e41ede22fe698260cdb28af5ab5a9a"}
,"C:\\Users\\marco\\OneDrive\\Área de Trabalho\\elodrinks-frontend\\src\\pages\\ServiceList.tsx": {"path":"C:\\Users\\marco\\OneDrive\\Área de Trabalho\\elodrinks-frontend\\src\\pages\\ServiceList.tsx","statementMap":{"0":{"start":{"line":5,"column":27},"end":{"line":19,"column":1}},"1":{"start":{"line":6,"column":2},"end":{"line":18,"column":6}},"2":{"start":{"line":6,"column":30},"end":{"line":18,"column":3}},"3":{"start":{"line":21,"column":20},"end":{"line":128,"column":1}},"4":{"start":{"line":22,"column":34},"end":{"line":22,"column":57}},"5":{"start":{"line":23,"column":32},"end":{"line":23,"column":46}},"6":{"start":{"line":24,"column":48},"end":{"line":24,"column":78}},"7":{"start":{"line":26,"column":2},"end":{"line":38,"column":9}},"8":{"start":{"line":27,"column":4},"end":{"line":37,"column":9}},"9":{"start":{"line":30,"column":8},"end":{"line":30,"column":48}},"10":{"start":{"line":33,"column":8},"end":{"line":33,"column":57}},"11":{"start":{"line":36,"column":8},"end":{"line":36,"column":26}},"12":{"start":{"line":40,"column":21},"end":{"line":42,"column":3}},"13":{"start":{"line":41,"column":4},"end":{"line":41,"column":29}},"14":{"start":{"line":44,"column":2},"end":{"line":44,"column":52}},"15":{"start":{"line":44,"column":15},"end":{"line":44,"column":52}},"16":{"start":{"line":46,"column":2},"end":{"line":127,"column":4}},"17":{"start":{"line":55,"column":30},"end":{"line":55,"column":45}},"18":{"start":{"line":56,"column":28},"end":{"line":56,"column":65}},"19":{"start":{"line":57,"column":28},"end":{"line":57,"column":63}},"20":{"start":{"line":59,"column":10},"end":{"line":76,"column":12}},"21":{"start":{"line":64,"column":29},"end":{"line":64,"column":56}},"22":{"start":{"line":85,"column":28},"end":{"line":85,"column":47}}},"fnMap":{"0":{"name":"(anonymous_0)","decl":{"start":{"line":5,"column":27},"end":{"line":5,"column":28}},"loc":{"start":{"line":5,"column":59},"end":{"line":19,"column":1}},"line":5},"1":{"name":"(anonymous_1)","decl":{"start":{"line":6,"column":22},"end":{"line":6,"column":23}},"loc":{"start":{"line":6,"column":30},"end":{"line":18,"column":3}},"line":6},"2":{"name":"(anonymous_2)","decl":{"start":{"line":21,"column":20},"end":{"line":21,"column":21}},"loc":{"start":{"line":21,"column":26},"end":{"line":128,"column":1}},"line":21},"3":{"name":"(anonymous_3)","decl":{"start":{"line":26,"column":12},"end":{"line":26,"column":13}},"loc":{"start":{"line":26,"column":18},"end":{"line":38,"column":3}},"line":26},"4":{"name":"(anonymous_4)","decl":{"start":{"line":29,"column":12},"end":{"line":29,"column":13}},"loc":{"start":{"line":29,"column":26},"end":{"line":31,"column":7}},"line":29},"5":{"name":"(anonymous_5)","decl":{"start":{"line":32,"column":13},"end":{"line":32,"column":14}},"loc":{"start":{"line":32,"column":24},"end":{"line":34,"column":7}},"line":32},"6":{"name":"(anonymous_6)","decl":{"start":{"line":35,"column":15},"end":{"line":35,"column":16}},"loc":{"start":{"line":35,"column":21},"end":{"line":37,"column":7}},"line":35},"7":{"name":"(anonymous_7)","decl":{"start":{"line":40,"column":21},"end":{"line":40,"column":22}},"loc":{"start":{"line":40,"column":27},"end":{"line":42,"column":3}},"line":40},"8":{"name":"(anonymous_8)","decl":{"start":{"line":54,"column":22},"end":{"line":54,"column":23}},"loc":{"start":{"line":54,"column":42},"end":{"line":77,"column":9}},"line":54},"9":{"name":"(anonymous_9)","decl":{"start":{"line":64,"column":23},"end":{"line":64,"column":24}},"loc":{"start":{"line":64,"column":29},"end":{"line":64,"column":56}},"line":64},"10":{"name":"(anonymous_10)","decl":{"start":{"line":85,"column":21},"end":{"line":85,"column":22}},"loc":{"start":{"line":85,"column":28},"end":{"line":85,"column":47}},"line":85}},"branchMap":{"0":{"loc":{"start":{"line":14,"column":19},"end":{"line":14,"column":40}},"type":"binary-expr","locations":[{"start":{"line":14,"column":19},"end":{"line":14,"column":34}},{"start":{"line":14,"column":38},"end":{"line":14,"column":40}}],"line":14},"1":{"loc":{"start":{"line":44,"column":2},"end":{"line":44,"column":52}},"type":"if","locations":[{"start":{"line":44,"column":2},"end":{"line":44,"column":52}},{"start":{},"end":{}}],"line":44},"2":{"loc":{"start":{"line":57,"column":28},"end":{"line":57,"column":63}},"type":"cond-expr","locations":[{"start":{"line":57,"column":46},"end":{"line":57,"column":53}},{"start":{"line":57,"column":56},"end":{"line":57,"column":63}}],"line":57},"3":{"loc":{"start":{"line":81,"column":7},"end":{"line":125,"column":7}},"type":"binary-expr","locations":[{"start":{"line":81,"column":7},"end":{"line":81,"column":22}},{"start":{"line":82,"column":8},"end":{"line":124,"column":14}}],"line":81}},"s":{"0":1,"1":1,"2":2,"3":1,"4":0,"5":0,"6":0,"7":0,"8":0,"9":0,"10":0,"11":0,"12":0,"13":0,"14":0,"15":0,"16":0,"17":0,"18":0,"19":0,"20":0,"21":0,"22":0},"f":{"0":1,"1":2,"2":0,"3":0,"4":0,"5":0,"6":0,"7":0,"8":0,"9":0,"10":0},"b":{"0":[2,1],"1":[0,0],"2":[0,0],"3":[0,0]},"_coverageSchema":"1a1c01bbd47fc00a2c39e90264f33305004495a9","hash":"765d53ea5517f512bd3a56f9ff3845d6bf40d6ab"}
,"C:\\Users\\marco\\OneDrive\\Área de Trabalho\\elodrinks-frontend\\src\\services\\api.ts": {"path":"C:\\Users\\marco\\OneDrive\\Área de Trabalho\\elodrinks-frontend\\src\\services\\api.ts","statementMap":{"0":{"start":{"line":3,"column":21},"end":{"line":3,"column":61}},"1":{"start":{"line":5,"column":27},"end":{"line":10,"column":2}},"2":{"start":{"line":12,"column":0},"end":{"line":18,"column":37}},"3":{"start":{"line":13,"column":16},"end":{"line":13,"column":45}},"4":{"start":{"line":14,"column":2},"end":{"line":16,"column":3}},"5":{"start":{"line":15,"column":4},"end":{"line":15,"column":53}},"6":{"start":{"line":17,"column":2},"end":{"line":17,"column":16}},"7":{"start":{"line":18,"column":14},"end":{"line":18,"column":35}},"8":{"start":{"line":20,"column":0},"end":{"line":29,"column":2}},"9":{"start":{"line":21,"column":16},"end":{"line":21,"column":24}},"10":{"start":{"line":23,"column":4},"end":{"line":26,"column":5}},"11":{"start":{"line":24,"column":6},"end":{"line":24,"column":39}},"12":{"start":{"line":25,"column":6},"end":{"line":25,"column":38}},"13":{"start":{"line":27,"column":4},"end":{"line":27,"column":33}},"14":{"start":{"line":107,"column":25},"end":{"line":118,"column":1}},"15":{"start":{"line":108,"column":51},"end":{"line":108,"column":78}},"16":{"start":{"line":111,"column":4},"end":{"line":111,"column":37}},"17":{"start":{"line":114,"column":4},"end":{"line":114,"column":41}},"18":{"start":{"line":117,"column":4},"end":{"line":117,"column":41}},"19":{"start":{"line":120,"column":23},"end":{"line":126,"column":1}},"20":{"start":{"line":121,"column":48},"end":{"line":121,"column":65}},"21":{"start":{"line":122,"column":56},"end":{"line":122,"column":79}},"22":{"start":{"line":124,"column":4},"end":{"line":124,"column":33}},"23":{"start":{"line":125,"column":49},"end":{"line":125,"column":75}},"24":{"start":{"line":128,"column":26},"end":{"line":136,"column":1}},"25":{"start":{"line":129,"column":54},"end":{"line":129,"column":74}},"26":{"start":{"line":130,"column":63},"end":{"line":130,"column":90}},"27":{"start":{"line":132,"column":4},"end":{"line":132,"column":31}},"28":{"start":{"line":134,"column":4},"end":{"line":134,"column":37}},"29":{"start":{"line":135,"column":53},"end":{"line":135,"column":83}},"30":{"start":{"line":138,"column":27},"end":{"line":147,"column":1}},"31":{"start":{"line":139,"column":64},"end":{"line":139,"column":90}},"32":{"start":{"line":141,"column":4},"end":{"line":141,"column":37}},"33":{"start":{"line":143,"column":4},"end":{"line":143,"column":37}},"34":{"start":{"line":145,"column":4},"end":{"line":145,"column":43}},"35":{"start":{"line":146,"column":58},"end":{"line":146,"column":94}}},"fnMap":{"0":{"name":"(anonymous_0)","decl":{"start":{"line":12,"column":29},"end":{"line":12,"column":30}},"loc":{"start":{"line":12,"column":41},"end":{"line":18,"column":1}},"line":12},"1":{"name":"(anonymous_1)","decl":{"start":{"line":18,"column":3},"end":{"line":18,"column":4}},"loc":{"start":{"line":18,"column":14},"end":{"line":18,"column":35}},"line":18},"2":{"name":"(anonymous_2)","decl":{"start":{"line":21,"column":2},"end":{"line":21,"column":3}},"loc":{"start":{"line":21,"column":16},"end":{"line":21,"column":24}},"line":21},"3":{"name":"(anonymous_3)","decl":{"start":{"line":22,"column":2},"end":{"line":22,"column":3}},"loc":{"start":{"line":22,"column":13},"end":{"line":28,"column":3}},"line":22},"4":{"name":"(anonymous_4)","decl":{"start":{"line":108,"column":15},"end":{"line":108,"column":16}},"loc":{"start":{"line":108,"column":51},"end":{"line":108,"column":78}},"line":108},"5":{"name":"(anonymous_5)","decl":{"start":{"line":110,"column":15},"end":{"line":110,"column":16}},"loc":{"start":{"line":111,"column":4},"end":{"line":111,"column":37}},"line":111},"6":{"name":"(anonymous_6)","decl":{"start":{"line":113,"column":16},"end":{"line":113,"column":17}},"loc":{"start":{"line":114,"column":4},"end":{"line":114,"column":41}},"line":114},"7":{"name":"(anonymous_7)","decl":{"start":{"line":116,"column":13},"end":{"line":116,"column":14}},"loc":{"start":{"line":117,"column":4},"end":{"line":117,"column":41}},"line":117},"8":{"name":"(anonymous_8)","decl":{"start":{"line":121,"column":15},"end":{"line":121,"column":16}},"loc":{"start":{"line":121,"column":48},"end":{"line":121,"column":65}},"line":121},"9":{"name":"(anonymous_9)","decl":{"start":{"line":122,"column":15},"end":{"line":122,"column":16}},"loc":{"start":{"line":122,"column":56},"end":{"line":122,"column":79}},"line":122},"10":{"name":"(anonymous_10)","decl":{"start":{"line":123,"column":18},"end":{"line":123,"column":19}},"loc":{"start":{"line":124,"column":4},"end":{"line":124,"column":33}},"line":124},"11":{"name":"(anonymous_11)","decl":{"start":{"line":125,"column":18},"end":{"line":125,"column":19}},"loc":{"start":{"line":125,"column":49},"end":{"line":125,"column":75}},"line":125},"12":{"name":"(anonymous_12)","decl":{"start":{"line":129,"column":18},"end":{"line":129,"column":19}},"loc":{"start":{"line":129,"column":54},"end":{"line":129,"column":74}},"line":129},"13":{"name":"(anonymous_13)","decl":{"start":{"line":130,"column":18},"end":{"line":130,"column":19}},"loc":{"start":{"line":130,"column":63},"end":{"line":130,"column":90}},"line":130},"14":{"name":"(anonymous_14)","decl":{"start":{"line":131,"column":17},"end":{"line":131,"column":18}},"loc":{"start":{"line":132,"column":4},"end":{"line":132,"column":31}},"line":132},"15":{"name":"(anonymous_15)","decl":{"start":{"line":133,"column":21},"end":{"line":133,"column":22}},"loc":{"start":{"line":134,"column":4},"end":{"line":134,"column":37}},"line":134},"16":{"name":"(anonymous_16)","decl":{"start":{"line":135,"column":21},"end":{"line":135,"column":22}},"loc":{"start":{"line":135,"column":53},"end":{"line":135,"column":83}},"line":135},"17":{"name":"(anonymous_17)","decl":{"start":{"line":139,"column":23},"end":{"line":139,"column":24}},"loc":{"start":{"line":139,"column":64},"end":{"line":139,"column":90}},"line":139},"18":{"name":"(anonymous_18)","decl":{"start":{"line":140,"column":23},"end":{"line":140,"column":24}},"loc":{"start":{"line":141,"column":4},"end":{"line":141,"column":37}},"line":141},"19":{"name":"(anonymous_19)","decl":{"start":{"line":142,"column":22},"end":{"line":142,"column":23}},"loc":{"start":{"line":143,"column":4},"end":{"line":143,"column":37}},"line":143},"20":{"name":"(anonymous_20)","decl":{"start":{"line":144,"column":26},"end":{"line":144,"column":27}},"loc":{"start":{"line":145,"column":4},"end":{"line":145,"column":43}},"line":145},"21":{"name":"(anonymous_21)","decl":{"start":{"line":146,"column":26},"end":{"line":146,"column":27}},"loc":{"start":{"line":146,"column":58},"end":{"line":146,"column":94}},"line":146}},"branchMap":{"0":{"loc":{"start":{"line":14,"column":2},"end":{"line":16,"column":3}},"type":"if","locations":[{"start":{"line":14,"column":2},"end":{"line":16,"column":3}},{"start":{},"end":{}}],"line":14},"1":{"loc":{"start":{"line":14,"column":6},"end":{"line":14,"column":62}},"type":"binary-expr","locations":[{"start":{"line":14,"column":6},"end":{"line":14,"column":11}},{"start":{"line":14,"column":15},"end":{"line":14,"column":25}},{"start":{"line":14,"column":29},"end":{"line":14,"column":62}}],"line":14},"2":{"loc":{"start":{"line":23,"column":4},"end":{"line":26,"column":5}},"type":"if","locations":[{"start":{"line":23,"column":4},"end":{"line":26,"column":5}},{"start":{},"end":{}}],"line":23}},"s":{"0":2,"1":2,"2":2,"3":0,"4":0,"5":0,"6":0,"7":0,"8":2,"9":0,"10":0,"11":0,"12":0,"13":0,"14":2,"15":0,"16":0,"17":0,"18":0,"19":2,"20":0,"21":0,"22":0,"23":0,"24":2,"25":0,"26":0,"27":0,"28":0,"29":0,"30":2,"31":0,"32":0,"33":0,"34":0,"35":0},"f":{"0":0,"1":0,"2":0,"3":0,"4":0,"5":0,"6":0,"7":0,"8":0,"9":0,"10":0,"11":0,"12":0,"13":0,"14":0,"15":0,"16":0,"17":0,"18":0,"19":0,"20":0,"21":0},"b":{"0":[0,0],"1":[0,0,0],"2":[0,0]},"_coverageSchema":"1a1c01bbd47fc00a2c39e90264f33305004495a9","hash":"9fffef3a7057513809b2ce8820ba712c4255d020"}
}
