TN:
SF:src\components\Footer.tsx
FN:1,Footer
FNF:1
FNH:1
FNDA:6,Footer
DA:2,6
LF:1
LH:1
BRF:0
BRH:0
end_of_record
TN:
SF:src\components\Header.tsx
FN:3,Header
FNF:1
FNH:1
FNDA:6,Header
DA:4,6
LF:1
LH:1
BRF:0
BRH:0
end_of_record
TN:
SF:src\pages\Carousel.tsx
FN:23,(anonymous_0)
FN:27,(anonymous_1)
FN:28,(anonymous_2)
FN:29,(anonymous_3)
FN:33,(anonymous_4)
FN:57,(anonymous_5)
FNF:6
FNH:6
FNDA:6,(anonymous_0)
FNDA:3,(anonymous_1)
FNDA:5,(anonymous_2)
FNDA:5,(anonymous_3)
FNDA:3,(anonymous_4)
FNDA:102,(anonymous_5)
DA:3,1
DA:23,1
DA:24,6
DA:25,6
DA:27,6
DA:28,3
DA:29,5
DA:30,5
DA:33,3
DA:36,6
DA:37,6
DA:39,6
DA:58,102
LF:13
LH:13
BRDA:30,0,0,5
BRDA:30,0,1,0
BRF:2
BRH:1
end_of_record
TN:
SF:src\pages\CartModal.tsx
FN:9,(anonymous_0)
FN:13,(anonymous_1)
FN:31,(anonymous_2)
FN:38,(anonymous_3)
FN:43,(anonymous_4)
FN:52,(anonymous_5)
FN:55,(anonymous_6)
FN:57,(anonymous_7)
FN:66,(anonymous_8)
FN:106,(anonymous_9)
FN:116,(anonymous_10)
FN:132,(anonymous_11)
FN:144,(anonymous_12)
FN:163,(anonymous_13)
FN:184,(anonymous_14)
FNF:15
FNH:5
FNDA:9,(anonymous_0)
FNDA:3,(anonymous_1)
FNDA:3,(anonymous_2)
FNDA:0,(anonymous_3)
FNDA:0,(anonymous_4)
FNDA:3,(anonymous_5)
FNDA:0,(anonymous_6)
FNDA:3,(anonymous_7)
FNDA:0,(anonymous_8)
FNDA:0,(anonymous_9)
FNDA:0,(anonymous_10)
FNDA:0,(anonymous_11)
FNDA:0,(anonymous_12)
FNDA:0,(anonymous_13)
FNDA:0,(anonymous_14)
DA:9,1
DA:10,9
DA:11,9
DA:13,9
DA:14,3
DA:15,3
DA:16,0
DA:17,0
DA:18,0
DA:19,0
DA:21,0
DA:28,3
DA:31,9
DA:32,3
DA:35,3
DA:38,9
DA:39,0
DA:42,0
DA:43,0
DA:45,0
DA:46,0
DA:47,0
DA:48,0
DA:52,9
DA:53,3
DA:55,3
DA:56,3
DA:57,3
DA:58,3
DA:62,9
DA:66,0
DA:106,0
DA:116,0
DA:132,0
DA:144,0
DA:164,0
DA:184,0
LF:37
LH:18
BRDA:16,0,0,0
BRDA:16,0,1,0
BRDA:18,1,0,0
BRDA:18,1,1,0
BRDA:33,2,0,3
BRDA:33,2,1,3
BRDA:38,3,0,0
BRDA:40,4,0,0
BRDA:40,4,1,0
BRDA:43,5,0,0
BRDA:43,5,1,0
BRDA:43,6,0,0
BRDA:43,6,1,0
BRDA:45,7,0,0
BRDA:45,7,1,0
BRDA:89,8,0,9
BRDA:89,8,1,0
BRDA:113,9,0,9
BRDA:113,9,1,0
BRDA:159,10,0,0
BRDA:159,10,1,0
BRF:21
BRH:4
end_of_record
TN:
SF:src\pages\Home.tsx
FN:10,Home
FN:14,(anonymous_1)
FN:15,(anonymous_2)
FN:16,(anonymous_3)
FN:18,(anonymous_4)
FN:24,(anonymous_5)
FN:33,animateCounter
FN:39,step
FN:52,resetCounters
FN:53,(anonymous_9)
FN:64,(anonymous_10)
FN:65,(anonymous_11)
FN:67,(anonymous_12)
FN:80,(anonymous_13)
FNF:14
FNH:14
FNDA:6,Home
FNDA:3,(anonymous_1)
FNDA:3,(anonymous_2)
FNDA:3,(anonymous_3)
FNDA:3,(anonymous_4)
FNDA:3,(anonymous_5)
FNDA:6,animateCounter
FNDA:9,step
FNDA:1,resetCounters
FNDA:3,(anonymous_9)
FNDA:3,(anonymous_10)
FNDA:3,(anonymous_11)
FNDA:6,(anonymous_12)
FNDA:3,(anonymous_13)
DA:11,6
DA:14,6
DA:15,3
DA:16,3
DA:18,3
DA:22,6
DA:24,6
DA:25,3
DA:26,3
DA:30,3
DA:34,6
DA:35,6
DA:36,6
DA:37,6
DA:40,9
DA:41,9
DA:42,9
DA:43,9
DA:45,0
DA:49,6
DA:53,1
DA:54,3
DA:58,3
DA:64,3
DA:65,3
DA:66,3
DA:67,6
DA:69,1
DA:74,3
DA:78,3
DA:80,3
DA:81,3
DA:82,3
DA:87,6
LF:34
LH:33
BRDA:26,0,0,0
BRDA:26,0,1,3
BRDA:41,1,0,9
BRDA:41,1,1,0
BRDA:66,2,0,2
BRDA:66,2,1,1
BRDA:81,3,0,3
BRDA:81,3,1,0
BRF:8
BRH:5
end_of_record
TN:
SF:src\pages\Login.tsx
FN:19,getInitialUsers
FN:185,(anonymous_1)
FN:208,(anonymous_2)
FN:214,(anonymous_3)
FN:215,(anonymous_4)
FN:221,(anonymous_5)
FN:245,(anonymous_6)
FN:292,(anonymous_7)
FN:295,(anonymous_8)
FN:467,(anonymous_9)
FN:474,(anonymous_10)
FN:504,(anonymous_11)
FN:515,(anonymous_12)
FN:522,(anonymous_13)
FN:534,(anonymous_14)
FN:555,(anonymous_15)
FN:566,(anonymous_16)
FN:577,(anonymous_17)
FN:588,(anonymous_18)
FN:599,(anonymous_19)
FN:610,(anonymous_20)
FN:622,(anonymous_21)
FN:628,(anonymous_22)
FN:641,(anonymous_23)
FN:647,(anonymous_24)
FN:657,(anonymous_25)
FNF:26
FNH:20
FNDA:8,getInitialUsers
FNDA:47,(anonymous_1)
FNDA:4,(anonymous_2)
FNDA:2,(anonymous_3)
FNDA:2,(anonymous_4)
FNDA:1,(anonymous_5)
FNDA:2,(anonymous_6)
FNDA:0,(anonymous_7)
FNDA:0,(anonymous_8)
FNDA:0,(anonymous_9)
FNDA:4,(anonymous_10)
FNDA:2,(anonymous_11)
FNDA:2,(anonymous_12)
FNDA:2,(anonymous_13)
FNDA:0,(anonymous_14)
FNDA:3,(anonymous_15)
FNDA:3,(anonymous_16)
FNDA:3,(anonymous_17)
FNDA:3,(anonymous_18)
FNDA:3,(anonymous_19)
FNDA:3,(anonymous_20)
FNDA:3,(anonymous_21)
FNDA:0,(anonymous_22)
FNDA:3,(anonymous_23)
FNDA:0,(anonymous_24)
FNDA:2,(anonymous_25)
DA:20,8
DA:21,8
DA:22,8
DA:35,8
DA:36,8
DA:40,1
DA:185,1
DA:186,47
DA:187,47
DA:191,47
DA:192,47
DA:193,47
DA:194,47
DA:195,47
DA:196,47
DA:197,47
DA:198,47
DA:199,47
DA:200,47
DA:201,47
DA:202,47
DA:203,47
DA:204,47
DA:205,47
DA:206,47
DA:208,47
DA:209,4
DA:210,4
DA:211,4
DA:214,47
DA:215,2
DA:221,47
DA:222,1
DA:223,1
DA:224,1
DA:225,1
DA:230,1
DA:231,1
DA:232,1
DA:234,0
DA:235,0
DA:236,0
DA:238,1
DA:239,1
DA:241,1
DA:245,47
DA:246,2
DA:248,2
DA:249,1
DA:250,1
DA:253,1
DA:254,1
DA:265,1
DA:267,1
DA:270,1
DA:273,1
DA:274,1
DA:275,1
DA:276,1
DA:277,1
DA:278,1
DA:279,1
DA:280,1
DA:283,1
DA:285,0
DA:288,0
DA:292,47
DA:293,0
DA:294,0
DA:295,0
DA:296,0
DA:297,0
DA:298,0
DA:300,0
DA:301,0
DA:306,47
DA:467,0
DA:474,4
DA:504,2
DA:515,2
DA:522,2
DA:535,0
DA:536,0
DA:555,3
DA:566,3
DA:577,3
DA:588,3
DA:599,3
DA:610,3
DA:622,3
DA:628,0
DA:641,3
DA:647,0
DA:657,2
LF:94
LH:76
BRDA:21,0,0,0
BRDA:21,0,1,8
BRDA:235,1,0,0
BRDA:235,1,1,0
BRDA:248,2,0,1
BRDA:248,2,1,1
BRDA:294,3,0,0
BRDA:294,3,1,0
BRDA:296,4,0,0
BRDA:296,4,1,0
BRDA:466,5,0,16
BRDA:466,5,1,31
BRDA:473,6,0,31
BRDA:473,6,1,16
BRDA:478,7,0,31
BRDA:478,7,1,16
BRDA:483,8,0,0
BRDA:483,8,1,47
BRDA:489,9,0,2
BRDA:489,9,1,45
BRDA:495,10,0,16
BRDA:495,10,1,31
BRDA:510,11,0,1
BRDA:510,11,1,46
BRDA:524,12,0,1
BRDA:524,12,1,46
BRDA:528,13,0,1
BRDA:528,13,1,46
BRDA:545,14,0,31
BRDA:545,14,1,16
BRDA:616,15,0,0
BRDA:616,15,1,47
BRDA:630,16,0,0
BRDA:630,16,1,47
BRDA:636,17,0,0
BRDA:636,17,1,47
BRDA:649,18,0,0
BRDA:649,18,1,47
BRF:38
BRH:26
end_of_record
TN:
SF:src\pages\OptionalItemsList.tsx
FN:4,Cardapio
FN:10,(anonymous_1)
FN:18,(anonymous_2)
FN:19,(anonymous_3)
FN:35,(anonymous_4)
FN:41,(anonymous_5)
FN:72,(anonymous_6)
FN:94,(anonymous_7)
FN:117,(anonymous_8)
FN:213,(anonymous_9)
FN:228,(anonymous_10)
FN:242,(anonymous_11)
FNF:12
FNH:11
FNDA:16,Cardapio
FNDA:3,(anonymous_1)
FNDA:9,(anonymous_2)
FNDA:4,(anonymous_3)
FNDA:1,(anonymous_4)
FNDA:1,(anonymous_5)
FNDA:2,(anonymous_6)
FNDA:1,(anonymous_7)
FNDA:0,(anonymous_8)
FNDA:2,(anonymous_9)
FNDA:4,(anonymous_10)
FNDA:1,(anonymous_11)
DA:5,16
DA:6,16
DA:7,16
DA:8,16
DA:10,16
DA:11,3
DA:12,3
DA:13,3
DA:14,3
DA:15,3
DA:17,3
DA:18,9
DA:19,4
DA:27,3
DA:29,0
DA:31,3
DA:35,16
DA:36,1
DA:37,1
DA:38,1
DA:41,16
DA:42,1
DA:44,1
DA:50,1
DA:51,1
DA:53,1
DA:55,1
DA:58,16
DA:72,2
DA:94,1
DA:117,0
DA:213,2
DA:229,4
DA:242,1
LF:34
LH:32
BRDA:42,0,0,1
BRDA:42,0,1,1
BRDA:204,1,0,16
BRDA:204,1,1,6
BRDA:224,2,0,3
BRDA:224,2,1,3
BRF:6
BRH:6
end_of_record
TN:
SF:src\pages\ServiceList.tsx
FN:5,(anonymous_0)
FN:6,(anonymous_1)
FN:21,(anonymous_2)
FN:25,(anonymous_3)
FN:28,(anonymous_4)
FN:31,(anonymous_5)
FN:34,(anonymous_6)
FN:39,(anonymous_7)
FN:43,(anonymous_8)
FN:63,(anonymous_9)
FN:73,(anonymous_10)
FN:94,(anonymous_11)
FN:134,(anonymous_12)
FNF:13
FNH:2
FNDA:1,(anonymous_0)
FNDA:2,(anonymous_1)
FNDA:0,(anonymous_2)
FNDA:0,(anonymous_3)
FNDA:0,(anonymous_4)
FNDA:0,(anonymous_5)
FNDA:0,(anonymous_6)
FNDA:0,(anonymous_7)
FNDA:0,(anonymous_8)
FNDA:0,(anonymous_9)
FNDA:0,(anonymous_10)
FNDA:0,(anonymous_11)
FNDA:0,(anonymous_12)
DA:5,1
DA:6,2
DA:21,1
DA:22,0
DA:23,0
DA:24,0
DA:25,0
DA:26,0
DA:29,0
DA:32,0
DA:35,0
DA:39,0
DA:40,0
DA:43,0
DA:44,0
DA:45,0
DA:46,0
DA:48,0
DA:50,0
DA:53,0
DA:55,0
DA:64,0
DA:65,0
DA:66,0
DA:68,0
DA:73,0
DA:94,0
DA:134,0
LF:28
LH:3
BRDA:14,0,0,2
BRDA:14,0,1,1
BRDA:44,1,0,0
BRDA:44,1,1,0
BRDA:53,2,0,0
BRDA:53,2,1,0
BRDA:66,3,0,0
BRDA:66,3,1,0
BRDA:90,4,0,0
BRDA:90,4,1,0
BRF:10
BRH:2
end_of_record
TN:
SF:src\services\api.ts
FN:12,(anonymous_0)
FN:18,(anonymous_1)
FN:21,(anonymous_2)
FN:22,(anonymous_3)
FN:109,(anonymous_4)
FN:111,(anonymous_5)
FN:114,(anonymous_6)
FN:117,(anonymous_7)
FN:122,(anonymous_8)
FN:123,(anonymous_9)
FN:124,(anonymous_10)
FN:126,(anonymous_11)
FN:130,(anonymous_12)
FN:131,(anonymous_13)
FN:132,(anonymous_14)
FN:134,(anonymous_15)
FN:136,(anonymous_16)
FN:140,(anonymous_17)
FN:141,(anonymous_18)
FN:143,(anonymous_19)
FN:145,(anonymous_20)
FN:147,(anonymous_21)
FNF:22
FNH:0
FNDA:0,(anonymous_0)
FNDA:0,(anonymous_1)
FNDA:0,(anonymous_2)
FNDA:0,(anonymous_3)
FNDA:0,(anonymous_4)
FNDA:0,(anonymous_5)
FNDA:0,(anonymous_6)
FNDA:0,(anonymous_7)
FNDA:0,(anonymous_8)
FNDA:0,(anonymous_9)
FNDA:0,(anonymous_10)
FNDA:0,(anonymous_11)
FNDA:0,(anonymous_12)
FNDA:0,(anonymous_13)
FNDA:0,(anonymous_14)
FNDA:0,(anonymous_15)
FNDA:0,(anonymous_16)
FNDA:0,(anonymous_17)
FNDA:0,(anonymous_18)
FNDA:0,(anonymous_19)
FNDA:0,(anonymous_20)
FNDA:0,(anonymous_21)
DA:3,2
DA:5,2
DA:12,2
DA:13,0
DA:14,0
DA:15,0
DA:17,0
DA:18,0
DA:20,2
DA:21,0
DA:23,0
DA:24,0
DA:25,0
DA:27,0
DA:108,2
DA:109,0
DA:112,0
DA:115,0
DA:118,0
DA:121,2
DA:122,0
DA:123,0
DA:125,0
DA:126,0
DA:129,2
DA:130,0
DA:131,0
DA:133,0
DA:135,0
DA:136,0
DA:139,2
DA:140,0
DA:142,0
DA:144,0
DA:146,0
DA:147,0
LF:36
LH:8
BRDA:14,0,0,0
BRDA:14,0,1,0
BRDA:14,1,0,0
BRDA:14,1,1,0
BRDA:14,1,2,0
BRDA:23,2,0,0
BRDA:23,2,1,0
BRF:7
BRH:0
end_of_record
