TN:
SF:src\pages\Login.tsx
FN:19,getInitialUsers
FN:185,(anonymous_1)
FN:208,(anonymous_2)
FN:214,(anonymous_3)
FN:215,(anonymous_4)
FN:221,(anonymous_5)
FN:245,(anonymous_6)
FN:292,(anonymous_7)
FN:295,(anonymous_8)
FN:467,(anonymous_9)
FN:474,(anonymous_10)
FN:504,(anonymous_11)
FN:515,(anonymous_12)
FN:522,(anonymous_13)
FN:534,(anonymous_14)
FN:555,(anonymous_15)
FN:566,(anonymous_16)
FN:577,(anonymous_17)
FN:588,(anonymous_18)
FN:599,(anonymous_19)
FN:610,(anonymous_20)
FN:622,(anonymous_21)
FN:628,(anonymous_22)
FN:641,(anonymous_23)
FN:647,(anonymous_24)
FN:657,(anonymous_25)
FNF:26
FNH:20
FNDA:8,getInitialUsers
FNDA:47,(anonymous_1)
FNDA:4,(anonymous_2)
FNDA:2,(anonymous_3)
FNDA:2,(anonymous_4)
FNDA:1,(anonymous_5)
FNDA:2,(anonymous_6)
FNDA:0,(anonymous_7)
FNDA:0,(anonymous_8)
FNDA:0,(anonymous_9)
FNDA:4,(anonymous_10)
FNDA:2,(anonymous_11)
FNDA:2,(anonymous_12)
FNDA:2,(anonymous_13)
FNDA:0,(anonymous_14)
FNDA:3,(anonymous_15)
FNDA:3,(anonymous_16)
FNDA:3,(anonymous_17)
FNDA:3,(anonymous_18)
FNDA:3,(anonymous_19)
FNDA:3,(anonymous_20)
FNDA:3,(anonymous_21)
FNDA:0,(anonymous_22)
FNDA:3,(anonymous_23)
FNDA:0,(anonymous_24)
FNDA:2,(anonymous_25)
DA:20,8
DA:21,8
DA:22,8
DA:35,8
DA:36,8
DA:40,1
DA:185,1
DA:186,47
DA:187,47
DA:191,47
DA:192,47
DA:193,47
DA:194,47
DA:195,47
DA:196,47
DA:197,47
DA:198,47
DA:199,47
DA:200,47
DA:201,47
DA:202,47
DA:203,47
DA:204,47
DA:205,47
DA:206,47
DA:208,47
DA:209,4
DA:210,4
DA:211,4
DA:214,47
DA:215,2
DA:221,47
DA:222,1
DA:223,1
DA:224,1
DA:225,1
DA:230,1
DA:231,1
DA:232,1
DA:234,0
DA:235,0
DA:236,0
DA:238,1
DA:239,1
DA:241,1
DA:245,47
DA:246,2
DA:248,2
DA:249,1
DA:250,1
DA:253,1
DA:254,1
DA:265,1
DA:267,1
DA:270,1
DA:273,1
DA:274,1
DA:275,1
DA:276,1
DA:277,1
DA:278,1
DA:279,1
DA:280,1
DA:283,1
DA:285,0
DA:288,0
DA:292,47
DA:293,0
DA:294,0
DA:295,0
DA:296,0
DA:297,0
DA:298,0
DA:300,0
DA:301,0
DA:306,47
DA:467,0
DA:474,4
DA:504,2
DA:515,2
DA:522,2
DA:535,0
DA:536,0
DA:555,3
DA:566,3
DA:577,3
DA:588,3
DA:599,3
DA:610,3
DA:622,3
DA:628,0
DA:641,3
DA:647,0
DA:657,2
LF:94
LH:76
BRDA:21,0,0,0
BRDA:21,0,1,8
BRDA:235,1,0,0
BRDA:235,1,1,0
BRDA:248,2,0,1
BRDA:248,2,1,1
BRDA:294,3,0,0
BRDA:294,3,1,0
BRDA:296,4,0,0
BRDA:296,4,1,0
BRDA:466,5,0,16
BRDA:466,5,1,31
BRDA:473,6,0,31
BRDA:473,6,1,16
BRDA:478,7,0,31
BRDA:478,7,1,16
BRDA:483,8,0,0
BRDA:483,8,1,47
BRDA:489,9,0,2
BRDA:489,9,1,45
BRDA:495,10,0,16
BRDA:495,10,1,31
BRDA:510,11,0,1
BRDA:510,11,1,46
BRDA:524,12,0,1
BRDA:524,12,1,46
BRDA:528,13,0,1
BRDA:528,13,1,46
BRDA:545,14,0,31
BRDA:545,14,1,16
BRDA:616,15,0,0
BRDA:616,15,1,47
BRDA:630,16,0,0
BRDA:630,16,1,47
BRDA:636,17,0,0
BRDA:636,17,1,47
BRDA:649,18,0,0
BRDA:649,18,1,47
BRF:38
BRH:26
end_of_record
TN:
SF:src\pages\OptionalItemsList.tsx
FN:4,Cardapio
FN:9,(anonymous_1)
FN:14,(anonymous_2)
FN:29,(anonymous_3)
FN:189,(anonymous_4)
FN:204,(anonymous_5)
FNF:6
FNH:6
FNDA:10,Cardapio
FNDA:3,(anonymous_1)
FNDA:4,(anonymous_2)
FNDA:1,(anonymous_3)
FNDA:1,(anonymous_4)
FNDA:4,(anonymous_5)
DA:5,10
DA:6,10
DA:7,10
DA:9,10
DA:10,3
DA:11,3
DA:12,3
DA:13,3
DA:14,4
DA:21,2
DA:23,1
DA:25,3
DA:29,10
DA:30,1
DA:31,1
DA:34,10
DA:189,1
DA:205,4
LF:18
LH:18
BRDA:180,0,0,10
BRDA:180,0,1,6
BRDA:200,1,0,3
BRDA:200,1,1,3
BRF:4
BRH:4
end_of_record
TN:
SF:src\pages\ServiceList.tsx
FN:5,(anonymous_0)
FN:6,(anonymous_1)
FN:21,(anonymous_2)
FN:26,(anonymous_3)
FN:29,(anonymous_4)
FN:32,(anonymous_5)
FN:35,(anonymous_6)
FN:40,(anonymous_7)
FN:54,(anonymous_8)
FN:64,(anonymous_9)
FN:85,(anonymous_10)
FNF:11
FNH:2
FNDA:1,(anonymous_0)
FNDA:2,(anonymous_1)
FNDA:0,(anonymous_2)
FNDA:0,(anonymous_3)
FNDA:0,(anonymous_4)
FNDA:0,(anonymous_5)
FNDA:0,(anonymous_6)
FNDA:0,(anonymous_7)
FNDA:0,(anonymous_8)
FNDA:0,(anonymous_9)
FNDA:0,(anonymous_10)
DA:5,1
DA:6,2
DA:21,1
DA:22,0
DA:23,0
DA:24,0
DA:26,0
DA:27,0
DA:30,0
DA:33,0
DA:36,0
DA:40,0
DA:41,0
DA:44,0
DA:46,0
DA:55,0
DA:56,0
DA:57,0
DA:59,0
DA:64,0
DA:85,0
LF:21
LH:3
BRDA:14,0,0,2
BRDA:14,0,1,1
BRDA:44,1,0,0
BRDA:44,1,1,0
BRDA:57,2,0,0
BRDA:57,2,1,0
BRDA:81,3,0,0
BRDA:81,3,1,0
BRF:8
BRH:2
end_of_record
TN:
SF:src\services\api.ts
FN:12,(anonymous_0)
FN:18,(anonymous_1)
FN:21,(anonymous_2)
FN:22,(anonymous_3)
FN:108,(anonymous_4)
FN:110,(anonymous_5)
FN:113,(anonymous_6)
FN:116,(anonymous_7)
FN:121,(anonymous_8)
FN:122,(anonymous_9)
FN:123,(anonymous_10)
FN:125,(anonymous_11)
FN:129,(anonymous_12)
FN:130,(anonymous_13)
FN:131,(anonymous_14)
FN:133,(anonymous_15)
FN:135,(anonymous_16)
FN:139,(anonymous_17)
FN:140,(anonymous_18)
FN:142,(anonymous_19)
FN:144,(anonymous_20)
FN:146,(anonymous_21)
FNF:22
FNH:0
FNDA:0,(anonymous_0)
FNDA:0,(anonymous_1)
FNDA:0,(anonymous_2)
FNDA:0,(anonymous_3)
FNDA:0,(anonymous_4)
FNDA:0,(anonymous_5)
FNDA:0,(anonymous_6)
FNDA:0,(anonymous_7)
FNDA:0,(anonymous_8)
FNDA:0,(anonymous_9)
FNDA:0,(anonymous_10)
FNDA:0,(anonymous_11)
FNDA:0,(anonymous_12)
FNDA:0,(anonymous_13)
FNDA:0,(anonymous_14)
FNDA:0,(anonymous_15)
FNDA:0,(anonymous_16)
FNDA:0,(anonymous_17)
FNDA:0,(anonymous_18)
FNDA:0,(anonymous_19)
FNDA:0,(anonymous_20)
FNDA:0,(anonymous_21)
DA:3,2
DA:5,2
DA:12,2
DA:13,0
DA:14,0
DA:15,0
DA:17,0
DA:18,0
DA:20,2
DA:21,0
DA:23,0
DA:24,0
DA:25,0
DA:27,0
DA:107,2
DA:108,0
DA:111,0
DA:114,0
DA:117,0
DA:120,2
DA:121,0
DA:122,0
DA:124,0
DA:125,0
DA:128,2
DA:129,0
DA:130,0
DA:132,0
DA:134,0
DA:135,0
DA:138,2
DA:139,0
DA:141,0
DA:143,0
DA:145,0
DA:146,0
LF:36
LH:8
BRDA:14,0,0,0
BRDA:14,0,1,0
BRDA:14,1,0,0
BRDA:14,1,1,0
BRDA:14,1,2,0
BRDA:23,2,0,0
BRDA:23,2,1,0
BRF:7
BRH:0
end_of_record
